0 verbose cli /usr/local/bin/node /usr/local/bin/npm
1 info using npm@10.8.2
2 info using node@v20.19.0
3 silly config load:file:/usr/local/lib/node_modules/npm/npmrc
4 silly config load:file:/data/.npmrc
5 silly config load:file:/usr/src/node-red/.npmrc
6 silly config load:file:/usr/local/etc/npmrc
7 verbose title npm install simple-parser
8 verbose argv "install" "--omit" "dev" "--engine-strict" "simple-parser"
9 verbose logfile logs-max:10 dir:/data/.npm/_logs/2025-11-20T13_35_45_881Z-
10 verbose logfile /data/.npm/_logs/2025-11-20T13_35_45_881Z-debug-0.log
11 silly packumentCache heap:2197815296 maxSize:549453824 maxEntrySize:274726912
12 silly logfile start cleaning logs, removing 1 files
13 silly logfile done cleaning log files
14 silly idealTree buildDeps
15 silly fetch manifest simple-parser@*
16 silly packumentCache full:https://registry.npmjs.org/simple-parser cache-miss
17 http fetch GET 200 https://registry.npmjs.org/simple-parser 374ms (cache hit)
18 silly packumentCache full:https://registry.npmjs.org/simple-parser set size:1293 disposed:false
19 silly placeDep ROOT simple-parser@0.0.0 OK for: node-red-project@0.0.1 want: *
20 silly reify moves {}
21 silly audit bulk request {
21 silly audit   '@arifhosan/node-red-contrib-mqtt-auto': [ '2.2.2-1' ],
21 silly audit   '@babel/runtime': [ '7.28.4' ],
21 silly audit   '@mapbox/node-pre-gyp': [ '1.0.11' ],
21 silly audit   'agent-base': [ '6.0.2' ],
21 silly audit   'https-proxy-agent': [ '5.0.1', '5.0.0' ],
21 silly audit   '@node-red/editor-api': [ '2.2.3' ],
21 silly audit   ws: [ '7.5.6', '1.1.5', '7.5.10', '8.18.3' ],
21 silly audit   '@node-red/editor-client': [ '2.2.3' ],
21 silly audit   '@node-red/nodes': [ '2.2.3' ],
21 silly audit   'concat-stream': [ '2.0.0', '1.6.2' ],
21 silly audit   duplexify: [ '4.1.3', '3.7.1' ],
21 silly audit   'help-me': [ '3.0.0', '1.1.0', '5.0.0' ],
21 silly audit   mqtt: [ '4.3.5', '5.14.1', '1.14.1', '4.3.8' ],
21 silly audit   'readable-stream': [ '3.6.2', '1.1.14', '1.0.34', '4.7.0', '2.3.8' ],
21 silly audit   '@node-red/registry': [ '2.2.3' ],
21 silly audit   '@node-red/runtime': [ '2.2.3' ],
21 silly audit   '@node-red/util': [ '2.2.3' ],
21 silly audit   '@sindresorhus/is': [ '4.6.0' ],
21 silly audit   '@szmarczak/http-timer': [ '4.0.6' ],
21 silly audit   '@types/cacheable-request': [ '6.0.3' ],
21 silly audit   '@types/http-cache-semantics': [ '4.0.4' ],
21 silly audit   '@types/keyv': [ '3.1.4' ],
21 silly audit   '@types/node': [ '24.9.1' ],
21 silly audit   '@types/readable-stream': [ '4.0.21' ],
21 silly audit   '@types/responselike': [ '1.0.3' ],
21 silly audit   '@types/ws': [ '8.18.1' ],
21 silly audit   abbrev: [ '1.1.1' ],
21 silly audit   'abort-controller': [ '3.0.0' ],
21 silly audit   accepts: [ '1.3.8' ],
21 silly audit   acorn: [ '8.7.0' ],
21 silly audit   'acorn-walk': [ '8.2.0' ],
21 silly audit   ajv: [ '8.10.0' ],
21 silly audit   'ansi-colors': [ '4.1.3' ],
21 silly audit   'ansi-regex': [ '5.0.1' ],
21 silly audit   'append-field': [ '1.0.0' ],
21 silly audit   aproba: [ '2.1.0' ],
21 silly audit   'are-we-there-yet': [ '2.0.0' ],
21 silly audit   argparse: [ '1.0.10' ],
21 silly audit   'array-flatten': [ '1.1.1' ],
21 silly audit   async: [ '0.1.22' ],
21 silly audit   'async-mutex': [ '0.3.2' ],
21 silly audit   asynckit: [ '0.4.0' ],
21 silly audit   axios: [ '0.27.0' ],
21 silly audit   'balanced-match': [ '1.0.2' ],
21 silly audit   'base64-js': [ '1.5.1' ],
21 silly audit   'basic-auth': [ '2.0.1' ],
21 silly audit   bcrypt: [ '5.0.1' ],
21 silly audit   bcryptjs: [ '2.4.3' ],
21 silly audit   bl: [ '4.1.0', '1.2.3', '6.1.4' ],
21 silly audit   'body-parser': [ '1.19.1' ],
21 silly audit   debug: [ '2.6.9', '4.4.3' ],
21 silly audit   'iconv-lite': [ '0.4.24', '0.6.3' ],
21 silly audit   ms: [ '2.0.0', '2.1.3' ],
21 silly audit   qs: [ '6.9.6' ],
21 silly audit   'raw-body': [ '2.4.2', '2.4.3' ],
21 silly audit   boolbase: [ '1.0.0' ],
21 silly audit   'brace-expansion': [ '1.1.12' ],
21 silly audit   'broker-factory': [ '3.1.10' ],
21 silly audit   buffer: [ '5.7.1', '6.0.3' ],
21 silly audit   'buffer-from': [ '1.1.2' ],
21 silly audit   busboy: [ '0.2.14' ],
21 silly audit   isarray: [ '0.0.1', '1.0.0' ],
21 silly audit   string_decoder: [ '0.10.31', '1.3.0', '1.1.1' ],
21 silly audit   bytes: [ '3.1.1', '3.1.2' ],
21 silly audit   'cacheable-lookup': [ '5.0.4' ],
21 silly audit   'cacheable-request': [ '7.0.4' ],
21 silly audit   'callback-stream': [ '1.1.0' ],
21 silly audit   cheerio: [ '1.0.0-rc.10' ],
21 silly audit   'cheerio-select': [ '1.6.0' ],
21 silly audit   chownr: [ '2.0.0' ],
21 silly audit   'cli-table': [ '0.3.11' ],
21 silly audit   clone: [ '2.1.2' ],
21 silly audit   'clone-response': [ '1.0.3' ],
21 silly audit   'color-support': [ '1.1.3' ],
21 silly audit   colors: [ '1.0.3' ],
21 silly audit   'combined-stream': [ '1.0.8' ],
21 silly audit   commist: [ '1.1.0', '3.2.0' ],
21 silly audit   'concat-map': [ '0.0.1' ],
21 silly audit   'console-control-strings': [ '1.1.0' ],
21 silly audit   'content-disposition': [ '0.5.4' ],
21 silly audit   'safe-buffer': [ '5.2.1', '5.1.2' ],
21 silly audit   'content-type': [ '1.0.4' ],
21 silly audit   cookie: [ '0.4.2', '0.4.1' ],
21 silly audit   'cookie-parser': [ '1.4.6' ],
21 silly audit   'cookie-signature': [ '1.0.6' ],
21 silly audit   'core-util-is': [ '1.0.3' ],
21 silly audit   cors: [ '2.8.5' ],
21 silly audit   cronosjs: [ '1.7.1' ],
21 silly audit   'css-select': [ '4.3.0' ],
21 silly audit   'css-what': [ '6.2.2' ],
21 silly audit   'decompress-response': [ '6.0.0' ],
21 silly audit   'mimic-response': [ '3.1.0', '1.0.1' ],
21 silly audit   'defer-to-connect': [ '2.0.1' ],
21 silly audit   'delayed-stream': [ '1.0.0' ],
21 silly audit   delegates: [ '1.0.0' ],
21 silly audit   denque: [ '2.0.1' ],
21 silly audit   depd: [ '1.1.2', '2.0.0' ],
21 silly audit   destr: [ '2.0.5' ],
21 silly audit   destroy: [ '1.0.4' ],
21 silly audit   'detect-libc': [ '2.1.2' ],
21 silly audit   dicer: [ '0.2.5' ],
21 silly audit   'dom-serializer': [ '1.4.1', '2.0.0' ],
21 silly audit   domelementtype: [ '2.3.0' ],
21 silly audit   domhandler: [ '4.3.1', '5.0.3' ],
21 silly audit   domutils: [ '2.8.0', '3.2.2' ],
21 silly audit   'ee-first': [ '1.1.1' ],
21 silly audit   'emoji-regex': [ '8.0.0' ],
21 silly audit   encodeurl: [ '1.0.2' ],
21 silly audit   'end-of-stream': [ '1.4.5' ],
21 silly audit   enquirer: [ '2.4.1' ],
21 silly audit   entities: [ '2.2.0', '4.5.0' ],
21 silly audit   'escape-html': [ '1.0.3' ],
21 silly audit   esprima: [ '4.0.1' ],
21 silly audit   etag: [ '1.8.1' ],
21 silly audit   'event-target-shim': [ '5.0.1' ],
21 silly audit   events: [ '3.3.0' ],
21 silly audit   express: [ '4.17.2' ],
21 silly audit   'express-session': [ '1.17.2' ],
21 silly audit   extend: [ '3.0.2' ],
21 silly audit   'fast-deep-equal': [ '3.1.3' ],
21 silly audit   'fast-unique-numbers': [ '9.0.24' ],
21 silly audit   finalhandler: [ '1.1.2' ],
21 silly audit   'follow-redirects': [ '1.15.11' ],
21 silly audit   'form-data': [ '4.0.0' ],
21 silly audit   forwarded: [ '0.2.0' ],
21 silly audit   fresh: [ '0.5.2' ],
21 silly audit   'fs-extra': [ '10.0.0' ],
21 silly audit   'fs-minipass': [ '2.1.0' ],
21 silly audit   'fs.notify': [ '0.0.4' ],
21 silly audit   'fs.realpath': [ '1.0.0' ],
21 silly audit   gauge: [ '3.0.2' ],
21 silly audit   'get-stream': [ '5.2.0' ],
21 silly audit   glob: [ '7.2.3' ],
21 silly audit   'glob-parent': [ '3.1.0' ],
21 silly audit   'glob-stream': [ '6.1.0' ],
21 silly audit   got: [ '11.8.3' ],
21 silly audit   'graceful-fs': [ '4.2.11' ],
21 silly audit   'has-unicode': [ '2.0.1' ],
21 silly audit   'hash-sum': [ '2.0.0' ],
21 silly audit   hpagent: [ '0.1.2' ],
21 silly audit   htmlparser2: [ '6.1.0', '8.0.2' ],
21 silly audit   'http-cache-semantics': [ '4.2.0' ],
21 silly audit   'http-errors': [ '1.8.1' ],
21 silly audit   'http2-wrapper': [ '1.0.3' ],
21 silly audit   i18next: [ '21.6.11' ],
21 silly audit   ieee754: [ '1.2.1' ],
21 silly audit   imap: [ '0.8.19' ],
21 silly audit   inflight: [ '1.0.6' ],
21 silly audit   inherits: [ '2.0.4' ],
21 silly audit   'ip-address': [ '10.0.1' ],
21 silly audit   'ipaddr.js': [ '1.9.1' ],
21 silly audit   'is-absolute': [ '1.0.0' ],
21 silly audit   'is-extglob': [ '2.1.1' ],
21 silly audit   'is-fullwidth-code-point': [ '3.0.0' ],
21 silly audit   'is-glob': [ '3.1.0' ],
21 silly audit   'is-negated-glob': [ '1.0.0' ],
21 silly audit   'is-relative': [ '1.0.0' ],
21 silly audit   'is-unc-path': [ '1.0.0' ],
21 silly audit   'is-utf8': [ '0.2.1' ],
21 silly audit   'is-windows': [ '1.0.2' ],
21 silly audit   'js-sdsl': [ '4.3.0' ],
21 silly audit   'js-yaml': [ '3.14.1' ],
21 silly audit   'json-buffer': [ '3.0.1' ],
21 silly audit   'json-schema-traverse': [ '1.0.0' ],
21 silly audit   'json-stable-stringify-without-jsonify': [ '1.0.1' ],
21 silly audit   'json-stringify-safe': [ '5.0.1' ],
21 silly audit   jsonata: [ '1.8.6' ],
21 silly audit   jsonfile: [ '6.2.0' ],
21 silly audit   keyv: [ '4.5.4' ],
21 silly audit   leven: [ '2.1.0' ],
21 silly audit   'lodash.clonedeep': [ '4.5.0' ],
21 silly audit   'lowercase-keys': [ '2.0.0' ],
21 silly audit   'lru-cache': [ '6.0.0', '4.1.5', '10.4.3' ],
21 silly audit   'make-dir': [ '3.1.0' ],
21 silly audit   semver: [ '6.3.1', '7.3.5', '5.3.0' ],
21 silly audit   'media-typer': [ '1.1.0', '0.3.0' ],
21 silly audit   memorystore: [ '1.6.7' ],
21 silly audit   yallist: [ '2.1.2', '4.0.0' ],
21 silly audit   'merge-descriptors': [ '1.0.1' ],
21 silly audit   methods: [ '1.1.2' ],
21 silly audit   mime: [ '3.0.0', '1.6.0' ],
21 silly audit   'mime-db': [ '1.52.0' ],
21 silly audit   'mime-types': [ '2.1.35' ],
21 silly audit   minimatch: [ '3.1.2' ],
21 silly audit   minimist: [ '1.2.8' ],
21 silly audit   minipass: [ '3.3.6' ],
21 silly audit   minizlib: [ '2.1.2' ],
21 silly audit   mkdirp: [ '0.5.6', '1.0.4' ],
21 silly audit   moment: [ '2.30.1' ],
21 silly audit   'moment-timezone': [ '0.5.34' ],
21 silly audit   'mqtt-connection': [ '2.1.1' ],
21 silly audit   'mqtt-packet': [ '3.5.1', '6.10.0', '9.0.2' ],
21 silly audit   through2: [ '0.6.5', '2.0.5' ],
21 silly audit   split2: [ '4.2.0', '2.2.0', '3.2.2' ],
21 silly audit   multer: [ '1.4.4' ],
21 silly audit   mustache: [ '4.2.0' ],
21 silly audit   'mute-stream': [ '0.0.8' ],
21 silly audit   negotiator: [ '0.6.3' ],
21 silly audit   'node-addon-api': [ '3.2.1' ],
21 silly audit   'node-fetch': [ '2.7.0' ],
21 silly audit   'node-red': [ '2.2.3' ],
21 silly audit   'node-red-admin': [ '2.2.4' ],
21 silly audit   'node-red-contrib-email': [ '0.3.1' ],
21 silly audit   'node-red-contrib-email-dynamic': [ '1.0.1' ],
21 silly audit   'node-red-contrib-mqtt-dynamic': [ '1.0.9' ],
21 silly audit   pump: [ '1.0.3', '3.0.3', '2.0.1' ],
21 silly audit   ultron: [ '1.0.2' ],
21 silly audit   'websocket-stream': [ '3.3.3' ],
21 silly audit   'node-red-contrib-mqtt-gem': [ '1.0.0' ],
21 silly audit   'node-red-node-email': [ '3.1.0' ],
21 silly audit   nodemailer: [ '6.10.1', '7.0.4', '7.0.5', '7.0.3' ],
21 silly audit   'safer-buffer': [ '2.1.2' ],
21 silly audit   utf7: [ '1.0.2' ],
21 silly audit   nopt: [ '5.0.0' ],
21 silly audit   'normalize-url': [ '6.1.0' ],
21 silly audit   npmlog: [ '5.0.1' ],
21 silly audit   'nth-check': [ '2.1.1' ],
21 silly audit   'number-allocator': [ '1.0.14' ],
21 silly audit   oauth2orize: [ '1.11.1' ],
21 silly audit   'object-assign': [ '4.1.1' ],
21 silly audit   'on-finished': [ '2.3.0' ],
21 silly audit   'on-headers': [ '1.0.2' ],
21 silly audit   once: [ '1.4.0' ],
21 silly audit   options: [ '0.0.6' ],
21 silly audit   'ordered-read-streams': [ '1.0.1' ],
21 silly audit   'p-cancelable': [ '2.1.1' ],
21 silly audit   parse5: [ '6.0.1' ],
21 silly audit   'parse5-htmlparser2-tree-adapter': [ '6.0.1' ],
21 silly audit   parseurl: [ '1.3.3' ],
21 silly audit   passport: [ '0.5.2' ],
21 silly audit   'passport-http-bearer': [ '1.0.1' ],
21 silly audit   'passport-oauth2-client-password': [ '0.1.2' ],
21 silly audit   'passport-strategy': [ '1.0.0' ],
21 silly audit   'path-dirname': [ '1.0.2' ],
21 silly audit   'path-is-absolute': [ '1.0.1' ],
21 silly audit   'path-to-regexp': [ '0.1.7' ],
21 silly audit   pause: [ '0.0.1' ],
21 silly audit   process: [ '0.11.10' ],
21 silly audit   'process-nextick-args': [ '2.0.1' ],
21 silly audit   'proxy-addr': [ '2.0.7' ],
21 silly audit   pseudomap: [ '1.0.2' ],
21 silly audit   psl: [ '1.15.0' ],
21 silly audit   punycode: [ '2.3.1' ],
21 silly audit   pumpify: [ '1.5.1' ],
21 silly audit   'quick-lru': [ '5.1.1' ],
21 silly audit   'random-bytes': [ '1.0.0' ],
21 silly audit   'range-parser': [ '1.2.1' ],
21 silly audit   read: [ '1.0.7' ],
21 silly audit   reduplexer: [ '1.1.0' ],
21 silly audit   reinterval: [ '1.1.0' ],
21 silly audit   'remove-trailing-separator': [ '1.1.0' ],
21 silly audit   'require-from-string': [ '2.0.2' ],
21 silly audit   'resolve-alpn': [ '1.2.1' ],
21 silly audit   responselike: [ '2.0.1' ],
21 silly audit   retry: [ '0.6.1' ],
21 silly audit   rfdc: [ '1.4.1' ],
21 silly audit   rimraf: [ '3.0.2' ],
21 silly audit   sax: [ '1.4.1' ],
21 silly audit   send: [ '0.17.2' ],
21 silly audit   'serve-static': [ '1.14.2' ],
21 silly audit   'set-blocking': [ '2.0.0' ],
21 silly audit   setprototypeof: [ '1.2.0' ],
21 silly audit   'signal-exit': [ '3.0.7' ],
21 silly audit   'smart-buffer': [ '4.2.0' ],
21 silly audit   socks: [ '2.8.7' ],
21 silly audit   'sprintf-js': [ '1.0.3' ],
21 silly audit   statuses: [ '1.5.0' ],
21 silly audit   'stream-shift': [ '1.0.3' ],
21 silly audit   streamsearch: [ '0.1.2' ],
21 silly audit   'string-width': [ '4.2.3' ],
21 silly audit   'strip-ansi': [ '6.0.1' ],
21 silly audit   tar: [ '6.1.11' ],
21 silly audit   'through2-filter': [ '3.0.0' ],
21 silly audit   'to-absolute-glob': [ '2.0.2' ],
21 silly audit   toidentifier: [ '1.0.1' ],
21 silly audit   'tough-cookie': [ '4.0.0' ],
21 silly audit   universalify: [ '0.1.2', '2.0.1' ],
21 silly audit   tr46: [ '0.0.3' ],
21 silly audit   tslib: [ '2.8.1' ],
21 silly audit   'type-is': [ '1.6.18' ],
21 silly audit   typedarray: [ '0.0.6' ],
21 silly audit   'uglify-js': [ '3.15.1' ],
21 silly audit   'uid-safe': [ '2.1.5' ],
21 silly audit   uid2: [ '0.0.4' ],
21 silly audit   'unc-path-regex': [ '0.1.2' ],
21 silly audit   'undici-types': [ '7.16.0' ],
21 silly audit   'unique-stream': [ '2.3.1' ],
21 silly audit   unpipe: [ '1.0.0' ],
21 silly audit   'uri-js': [ '4.4.1' ],
21 silly audit   'util-deprecate': [ '1.0.2' ],
21 silly audit   'utils-merge': [ '1.0.1' ],
21 silly audit   uuid: [ '8.3.2' ],
21 silly audit   vary: [ '1.1.2' ],
21 silly audit   'webidl-conversions': [ '3.0.1' ],
21 silly audit   'whatwg-url': [ '5.0.0' ],
21 silly audit   'wide-align': [ '1.1.5' ],
21 silly audit   'worker-factory': [ '7.0.46' ],
21 silly audit   'worker-timers': [ '8.0.25' ],
21 silly audit   'worker-timers-broker': [ '8.0.11' ],
21 silly audit   'worker-timers-worker': [ '9.0.11' ],
21 silly audit   wrappy: [ '1.0.2' ],
21 silly audit   xml2js: [ '0.4.23' ],
21 silly audit   xmlbuilder: [ '11.0.1' ],
21 silly audit   xtend: [ '4.0.2' ],
21 silly audit   'simple-parser': [ '0.0.0' ],
21 silly audit   '@selderee/plugin-htmlparser2': [ '0.11.0' ],
21 silly audit   'base32.js': [ '0.1.0' ],
21 silly audit   deepmerge: [ '4.3.1' ],
21 silly audit   'encoding-japanese': [ '2.2.0' ],
21 silly audit   he: [ '1.2.0' ],
21 silly audit   'html-to-text': [ '9.0.5' ],
21 silly audit   'ipv6-normalize': [ '1.0.1' ],
21 silly audit   leac: [ '0.6.0' ],
21 silly audit   libbase64: [ '1.3.0' ],
21 silly audit   libmime: [ '5.3.7' ],
21 silly audit   libqp: [ '2.1.1' ],
21 silly audit   'linkify-it': [ '5.0.0' ],
21 silly audit   mailparser: [ '3.7.4' ],
21 silly audit   mailsplit: [ '5.4.5' ],
21 silly audit   'node-pop3': [ '0.9.1' ],
21 silly audit   parseley: [ '0.12.1' ],
21 silly audit   peberminta: [ '0.9.0' ],
21 silly audit   'punycode.js': [ '2.3.1' ],
21 silly audit   selderee: [ '0.11.0' ],
21 silly audit   'smtp-server': [ '3.14.0' ],
21 silly audit   tlds: [ '1.259.0' ],
21 silly audit   'uc.micro': [ '2.1.0' ]
21 silly audit }
22 http fetch POST 200 https://registry.npmjs.org/-/npm/v1/security/advisories/bulk 354ms
23 silly audit report {
23 silly audit report   ws: [
23 silly audit report     {
23 silly audit report       id: 1098393,
23 silly audit report       url: 'https://github.com/advisories/GHSA-3h5v-q93c-6h6q',
23 silly audit report       title: 'ws affected by a DoS when handling a request with many HTTP headers',
23 silly audit report       severity: 'high',
23 silly audit report       vulnerable_versions: '>=7.0.0 <7.5.10',
23 silly audit report       cwe: [Array],
23 silly audit report       cvss: [Object]
23 silly audit report     }
23 silly audit report   ],
23 silly audit report   axios: [
23 silly audit report     {
23 silly audit report       id: 1103617,
23 silly audit report       url: 'https://github.com/advisories/GHSA-jr5f-v2jv-69x6',
23 silly audit report       title: 'axios Requests Vulnerable To Possible SSRF and Credential Leakage via Absolute URL',
23 silly audit report       severity: 'high',
23 silly audit report       vulnerable_versions: '<0.30.0',
23 silly audit report       cwe: [Array],
23 silly audit report       cvss: [Object]
23 silly audit report     },
23 silly audit report     {
23 silly audit report       id: 1108262,
23 silly audit report       url: 'https://github.com/advisories/GHSA-4hjh-wcwx-xvwj',
23 silly audit report       title: 'Axios is vulnerable to DoS attack through lack of data size check',
23 silly audit report       severity: 'high',
23 silly audit report       vulnerable_versions: '<0.30.2',
23 silly audit report       cwe: [Array],
23 silly audit report       cvss: [Object]
23 silly audit report     },
23 silly audit report     {
23 silly audit report       id: 1097679,
23 silly audit report       url: 'https://github.com/advisories/GHSA-wf5p-g6vw-rhxx',
23 silly audit report       title: 'Axios Cross-Site Request Forgery Vulnerability',
23 silly audit report       severity: 'moderate',
23 silly audit report       vulnerable_versions: '>=0.8.1 <0.28.0',
23 silly audit report       cwe: [Array],
23 silly audit report       cvss: [Object]
23 silly audit report     }
23 silly audit report   ],
23 silly audit report   'body-parser': [
23 silly audit report     {
23 silly audit report       id: 1099520,
23 silly audit report       url: 'https://github.com/advisories/GHSA-qwcr-r2fm-qrc7',
23 silly audit report       title: 'body-parser vulnerable to denial of service when url encoding is enabled',
23 silly audit report       severity: 'high',
23 silly audit report       vulnerable_versions: '<1.20.3',
23 silly audit report       cwe: [Array],
23 silly audit report       cvss: [Object]
23 silly audit report     }
23 silly audit report   ],
23 silly audit report   qs: [
23 silly audit report     {
23 silly audit report       id: 1104122,
23 silly audit report       url: 'https://github.com/advisories/GHSA-hrpp-h998-j3pp',
23 silly audit report       title: 'qs vulnerable to Prototype Pollution',
23 silly audit report       severity: 'high',
23 silly audit report       vulnerable_versions: '>=6.9.0 <6.9.7',
23 silly audit report       cwe: [Array],
23 silly audit report       cvss: [Object]
23 silly audit report     }
23 silly audit report   ],
23 silly audit report   cookie: [
23 silly audit report     {
23 silly audit report       id: 1103907,
23 silly audit report       url: 'https://github.com/advisories/GHSA-pxg6-pf52-xh8x',
23 silly audit report       title: 'cookie accepts cookie name, path, and domain with out of bounds characters',
23 silly audit report       severity: 'low',
23 silly audit report       vulnerable_versions: '<0.7.0',
23 silly audit report       cwe: [Array],
23 silly audit report       cvss: [Object]
23 silly audit report     }
23 silly audit report   ],
23 silly audit report   dicer: [
23 silly audit report     {
23 silly audit report       id: 1093150,
23 silly audit report       url: 'https://github.com/advisories/GHSA-wm7h-9275-46v2',
23 silly audit report       title: 'Crash in HeaderParser in dicer',
23 silly audit report       severity: 'high',
23 silly audit report       vulnerable_versions: '<=0.3.1',
23 silly audit report       cwe: [Array],
23 silly audit report       cvss: [Object]
23 silly audit report     }
23 silly audit report   ],
23 silly audit report   express: [
23 silly audit report     {
23 silly audit report       id: 1100530,
23 silly audit report       url: 'https://github.com/advisories/GHSA-qw6h-vgh9-j6wx',
23 silly audit report       title: 'express vulnerable to XSS via response.redirect()',
23 silly audit report       severity: 'low',
23 silly audit report       vulnerable_versions: '<4.20.0',
23 silly audit report       cwe: [Array],
23 silly audit report       cvss: [Object]
23 silly audit report     },
23 silly audit report     {
23 silly audit report       id: 1096820,
23 silly audit report       url: 'https://github.com/advisories/GHSA-rv95-896h-c2vc',
23 silly audit report       title: 'Express.js Open Redirect in malformed URLs',
23 silly audit report       severity: 'moderate',
23 silly audit report       vulnerable_versions: '<4.19.2',
23 silly audit report       cwe: [Array],
23 silly audit report       cvss: [Object]
23 silly audit report     }
23 silly audit report   ],
23 silly audit report   'form-data': [
23 silly audit report     {
23 silly audit report       id: 1109538,
23 silly audit report       url: 'https://github.com/advisories/GHSA-fjxv-7rqg-78g4',
23 silly audit report       title: 'form-data uses unsafe random function in form-data for choosing boundary',
23 silly audit report       severity: 'critical',
23 silly audit report       vulnerable_versions: '>=4.0.0 <4.0.4',
23 silly audit report       cwe: [Array],
23 silly audit report       cvss: [Object]
23 silly audit report     }
23 silly audit report   ],
23 silly audit report   got: [
23 silly audit report     {
23 silly audit report       id: 1088948,
23 silly audit report       url: 'https://github.com/advisories/GHSA-pfrx-2q88-qq97',
23 silly audit report       title: 'Got allows a redirect to a UNIX socket',
23 silly audit report       severity: 'moderate',
23 silly audit report       vulnerable_versions: '<11.8.5',
23 silly audit report       cwe: [],
23 silly audit report       cvss: [Object]
23 silly audit report     }
23 silly audit report   ],
23 silly audit report   'js-yaml': [
23 silly audit report     {
23 silly audit report       id: 1109801,
23 silly audit report       url: 'https://github.com/advisories/GHSA-mh29-5h37-fv8m',
23 silly audit report       title: 'js-yaml has prototype pollution in merge (<<)',
23 silly audit report       severity: 'moderate',
23 silly audit report       vulnerable_versions: '<3.14.2',
23 silly audit report       cwe: [Array],
23 silly audit report       cvss: [Object]
23 silly audit report     }
23 silly audit report   ],
23 silly audit report   jsonata: [
23 silly audit report     {
23 silly audit report       id: 1096642,
23 silly audit report       url: 'https://github.com/advisories/GHSA-fqg8-vfv7-8fj8',
23 silly audit report       title: 'JSONata expression can pollute the "Object" prototype',
23 silly audit report       severity: 'critical',
23 silly audit report       vulnerable_versions: '>=1.4.0 <1.8.7',
23 silly audit report       cwe: [Array],
23 silly audit report       cvss: [Object]
23 silly audit report     }
23 silly audit report   ],
23 silly audit report   semver: [
23 silly audit report     {
23 silly audit report       id: 1101088,
23 silly audit report       url: 'https://github.com/advisories/GHSA-c2qf-rxjj-qqgw',
23 silly audit report       title: 'semver vulnerable to Regular Expression Denial of Service',
23 silly audit report       severity: 'high',
23 silly audit report       vulnerable_versions: '>=7.0.0 <7.5.2',
23 silly audit report       cwe: [Array],
23 silly audit report       cvss: [Object]
23 silly audit report     },
23 silly audit report     {
23 silly audit report       id: 1101089,
23 silly audit report       url: 'https://github.com/advisories/GHSA-c2qf-rxjj-qqgw',
23 silly audit report       title: 'semver vulnerable to Regular Expression Denial of Service',
23 silly audit report       severity: 'high',
23 silly audit report       vulnerable_versions: '<5.7.2',
23 silly audit report       cwe: [Array],
23 silly audit report       cvss: [Object]
23 silly audit report     }
23 silly audit report   ],
23 silly audit report   'moment-timezone': [
23 silly audit report     {
23 silly audit report       id: 1088402,
23 silly audit report       url: 'https://github.com/advisories/GHSA-56x4-j7p9-fcf9',
23 silly audit report       title: 'Command Injection in moment-timezone',
23 silly audit report       severity: 'low',
23 silly audit report       vulnerable_versions: '>=0.1.0 <0.5.35',
23 silly audit report       cwe: [],
23 silly audit report       cvss: [Object]
23 silly audit report     },
23 silly audit report     {
23 silly audit report       id: 1088403,
23 silly audit report       url: 'https://github.com/advisories/GHSA-v78c-4p63-2j6c',
23 silly audit report       title: 'Cleartext Transmission of Sensitive Information in moment-timezone',
23 silly audit report       severity: 'moderate',
23 silly audit report       vulnerable_versions: '>=0.1.0 <0.5.35',
23 silly audit report       cwe: [Array],
23 silly audit report       cvss: [Object]
23 silly audit report     }
23 silly audit report   ],
23 silly audit report   multer: [
23 silly audit report     {
23 silly audit report       id: 1104780,
23 silly audit report       url: 'https://github.com/advisories/GHSA-4pg4-qvpc-4q3h',
23 silly audit report       title: 'Multer vulnerable to Denial of Service from maliciously crafted requests',
23 silly audit report       severity: 'high',
23 silly audit report       vulnerable_versions: '>=1.4.4-lts.1 <2.0.0',
23 silly audit report       cwe: [Array],
23 silly audit report       cvss: [Object]
23 silly audit report     },
23 silly audit report     {
23 silly audit report       id: 1105262,
23 silly audit report       url: 'https://github.com/advisories/GHSA-g5hg-p3ph-g8qg',
23 silly audit report       title: 'Multer vulnerable to Denial of Service via unhandled exception',
23 silly audit report       severity: 'high',
23 silly audit report       vulnerable_versions: '>=1.4.4-lts.1 <2.0.1',
23 silly audit report       cwe: [Array],
23 silly audit report       cvss: [Object]
23 silly audit report     },
23 silly audit report     {
23 silly audit report       id: 1105267,
23 silly audit report       url: 'https://github.com/advisories/GHSA-44fp-w29j-9vj5',
23 silly audit report       title: 'Multer vulnerable to Denial of Service via memory leaks from unclosed streams',
23 silly audit report       severity: 'high',
23 silly audit report       vulnerable_versions: '<2.0.0',
23 silly audit report       cwe: [Array],
23 silly audit report       cvss: [Object]
23 silly audit report     },
23 silly audit report     {
23 silly audit report       id: 1106463,
23 silly audit report       url: 'https://github.com/advisories/GHSA-fjgf-rc76-4x9p',
23 silly audit report       title: 'Multer vulnerable to Denial of Service via unhandled exception from malformed request',
23 silly audit report       severity: 'high',
23 silly audit report       vulnerable_versions: '>=1.4.4-lts.1 <2.0.2',
23 silly audit report       cwe: [Array],
23 silly audit report       cvss: [Object]
23 silly audit report     }
23 silly audit report   ],
23 silly audit report   nodemailer: [
23 silly audit report     {
23 silly audit report       id: 1109804,
23 silly audit report       url: 'https://github.com/advisories/GHSA-mm7p-fcc7-pg87',
23 silly audit report       title: 'Nodemailer: Email to an unintended domain can occur due to Interpretation Conflict',
23 silly audit report       severity: 'moderate',
23 silly audit report       vulnerable_versions: '<7.0.7',
23 silly audit report       cwe: [Array],
23 silly audit report       cvss: [Object]
23 silly audit report     }
23 silly audit report   ],
23 silly audit report   'on-headers': [
23 silly audit report     {
23 silly audit report       id: 1106812,
23 silly audit report       url: 'https://github.com/advisories/GHSA-76c9-3jph-rj3q',
23 silly audit report       title: 'on-headers is vulnerable to http response header manipulation',
23 silly audit report       severity: 'low',
23 silly audit report       vulnerable_versions: '<1.1.0',
23 silly audit report       cwe: [Array],
23 silly audit report       cvss: [Object]
23 silly audit report     }
23 silly audit report   ],
23 silly audit report   passport: [
23 silly audit report     {
23 silly audit report       id: 1093639,
23 silly audit report       url: 'https://github.com/advisories/GHSA-v923-w3x8-wh69',
23 silly audit report       title: 'Passport vulnerable to session regeneration when a users logs in or out',
23 silly audit report       severity: 'moderate',
23 silly audit report       vulnerable_versions: '<0.6.0',
23 silly audit report       cwe: [Array],
23 silly audit report       cvss: [Object]
23 silly audit report     }
23 silly audit report   ],
23 silly audit report   'path-to-regexp': [
23 silly audit report     {
23 silly audit report       id: 1101850,
23 silly audit report       url: 'https://github.com/advisories/GHSA-9wv6-86v2-598j',
23 silly audit report       title: 'path-to-regexp outputs backtracking regular expressions',
23 silly audit report       severity: 'high',
23 silly audit report       vulnerable_versions: '<0.1.10',
23 silly audit report       cwe: [Array],
23 silly audit report       cvss: [Object]
23 silly audit report     },
23 silly audit report     {
23 silly audit report       id: 1105199,
23 silly audit report       url: 'https://github.com/advisories/GHSA-rhx6-c78j-4q9w',
23 silly audit report       title: 'path-to-regexp contains a ReDoS',
23 silly audit report       severity: 'high',
23 silly audit report       vulnerable_versions: '<0.1.12',
23 silly audit report       cwe: [Array],
23 silly audit report       cvss: [Object]
23 silly audit report     }
23 silly audit report   ],
23 silly audit report   send: [
23 silly audit report     {
23 silly audit report       id: 1109556,
23 silly audit report       url: 'https://github.com/advisories/GHSA-m6fv-jmcg-4jfg',
23 silly audit report       title: 'send vulnerable to template injection that can lead to XSS',
23 silly audit report       severity: 'low',
23 silly audit report       vulnerable_versions: '<0.19.0',
23 silly audit report       cwe: [Array],
23 silly audit report       cvss: [Object]
23 silly audit report     }
23 silly audit report   ],
23 silly audit report   'serve-static': [
23 silly audit report     {
23 silly audit report       id: 1100528,
23 silly audit report       url: 'https://github.com/advisories/GHSA-cm22-4g7w-348p',
23 silly audit report       title: 'serve-static vulnerable to template injection that can lead to XSS',
23 silly audit report       severity: 'low',
23 silly audit report       vulnerable_versions: '<1.16.0',
23 silly audit report       cwe: [Array],
23 silly audit report       cvss: [Object]
23 silly audit report     }
23 silly audit report   ],
23 silly audit report   tar: [
23 silly audit report     {
23 silly audit report       id: 1097493,
23 silly audit report       url: 'https://github.com/advisories/GHSA-f5x3-32g6-xq36',
23 silly audit report       title: 'Denial of service while parsing a tar file due to lack of folders count validation',
23 silly audit report       severity: 'moderate',
23 silly audit report       vulnerable_versions: '<6.2.1',
23 silly audit report       cwe: [Array],
23 silly audit report       cvss: [Object]
23 silly audit report     }
23 silly audit report   ],
23 silly audit report   'tough-cookie': [
23 silly audit report     {
23 silly audit report       id: 1097682,
23 silly audit report       url: 'https://github.com/advisories/GHSA-72xf-g2v4-qvf3',
23 silly audit report       title: 'tough-cookie Prototype Pollution vulnerability',
23 silly audit report       severity: 'moderate',
23 silly audit report       vulnerable_versions: '<4.1.3',
23 silly audit report       cwe: [Array],
23 silly audit report       cvss: [Object]
23 silly audit report     }
23 silly audit report   ],
23 silly audit report   xml2js: [
23 silly audit report     {
23 silly audit report       id: 1096693,
23 silly audit report       url: 'https://github.com/advisories/GHSA-776f-qx25-q3cc',
23 silly audit report       title: 'xml2js is vulnerable to prototype pollution',
23 silly audit report       severity: 'moderate',
23 silly audit report       vulnerable_versions: '<0.5.0',
23 silly audit report       cwe: [Array],
23 silly audit report       cvss: [Object]
23 silly audit report     }
23 silly audit report   ]
23 silly audit report }
24 silly packumentCache corgi:https://registry.npmjs.org/ws cache-miss
25 silly packumentCache corgi:https://registry.npmjs.org/axios cache-miss
26 silly packumentCache corgi:https://registry.npmjs.org/body-parser cache-miss
27 silly packumentCache corgi:https://registry.npmjs.org/qs cache-miss
28 silly packumentCache corgi:https://registry.npmjs.org/cookie cache-miss
29 silly packumentCache corgi:https://registry.npmjs.org/dicer cache-miss
30 silly packumentCache corgi:https://registry.npmjs.org/express cache-miss
31 silly packumentCache corgi:https://registry.npmjs.org/form-data cache-miss
32 silly packumentCache corgi:https://registry.npmjs.org/got cache-miss
33 silly packumentCache corgi:https://registry.npmjs.org/js-yaml cache-miss
34 silly packumentCache corgi:https://registry.npmjs.org/jsonata cache-miss
35 silly packumentCache corgi:https://registry.npmjs.org/semver cache-miss
36 silly packumentCache corgi:https://registry.npmjs.org/moment-timezone cache-miss
37 silly packumentCache corgi:https://registry.npmjs.org/multer cache-miss
38 silly packumentCache corgi:https://registry.npmjs.org/nodemailer cache-miss
39 silly packumentCache corgi:https://registry.npmjs.org/on-headers cache-miss
40 silly packumentCache corgi:https://registry.npmjs.org/passport cache-miss
41 silly packumentCache corgi:https://registry.npmjs.org/path-to-regexp cache-miss
42 silly packumentCache corgi:https://registry.npmjs.org/send cache-miss
43 silly packumentCache corgi:https://registry.npmjs.org/serve-static cache-miss
44 silly packumentCache corgi:https://registry.npmjs.org/tar cache-miss
45 silly packumentCache corgi:https://registry.npmjs.org/tough-cookie cache-miss
46 silly packumentCache corgi:https://registry.npmjs.org/xml2js cache-miss
47 http fetch GET 200 https://registry.npmjs.org/cookie 398ms (cache hit)
48 silly packumentCache corgi:https://registry.npmjs.org/cookie set size:22175 disposed:false
49 http fetch GET 200 https://registry.npmjs.org/axios 403ms (cache hit)
50 silly packumentCache corgi:https://registry.npmjs.org/axios set size:262593 disposed:false
51 http fetch GET 200 https://registry.npmjs.org/ws 412ms (cache hit)
52 silly packumentCache corgi:https://registry.npmjs.org/ws set size:193390 disposed:false
53 http fetch GET 200 https://registry.npmjs.org/body-parser 413ms (cache hit)
54 silly packumentCache corgi:https://registry.npmjs.org/body-parser set size:74404 disposed:false
55 http fetch GET 200 https://registry.npmjs.org/qs 416ms (cache hit)
56 silly packumentCache corgi:https://registry.npmjs.org/qs set size:109860 disposed:false
57 http fetch GET 200 https://registry.npmjs.org/express 415ms (cache hit)
58 silly packumentCache corgi:https://registry.npmjs.org/express set size:331341 disposed:false
59 http fetch GET 200 https://registry.npmjs.org/semver 421ms (cache hit)
60 silly packumentCache corgi:https://registry.npmjs.org/semver set size:95618 disposed:false
61 http fetch GET 200 https://registry.npmjs.org/dicer 429ms (cache hit)
62 silly packumentCache corgi:https://registry.npmjs.org/dicer set size:12923 disposed:false
63 http fetch GET 200 https://registry.npmjs.org/js-yaml 426ms (cache hit)
64 silly packumentCache corgi:https://registry.npmjs.org/js-yaml set size:58533 disposed:false
65 http fetch GET 200 https://registry.npmjs.org/jsonata 428ms (cache hit)
66 silly packumentCache corgi:https://registry.npmjs.org/jsonata set size:62069 disposed:false
67 http fetch GET 200 https://registry.npmjs.org/form-data 431ms (cache hit)
68 silly packumentCache corgi:https://registry.npmjs.org/form-data set size:51426 disposed:false
69 http fetch GET 200 https://registry.npmjs.org/moment-timezone 428ms (cache hit)
70 silly packumentCache corgi:https://registry.npmjs.org/moment-timezone set size:75518 disposed:false
71 http fetch GET 200 https://registry.npmjs.org/send 428ms (cache hit)
72 silly packumentCache corgi:https://registry.npmjs.org/send set size:60926 disposed:false
73 http fetch GET 200 https://registry.npmjs.org/path-to-regexp 430ms (cache hit)
74 silly packumentCache corgi:https://registry.npmjs.org/path-to-regexp set size:63416 disposed:false
75 http fetch GET 200 https://registry.npmjs.org/on-headers 435ms (cache hit)
76 silly packumentCache corgi:https://registry.npmjs.org/on-headers set size:4386 disposed:false
77 http fetch GET 200 https://registry.npmjs.org/serve-static 434ms (cache hit)
78 silly packumentCache corgi:https://registry.npmjs.org/serve-static set size:56254 disposed:false
79 http fetch GET 200 https://registry.npmjs.org/got 445ms (cache hit)
80 silly packumentCache corgi:https://registry.npmjs.org/got set size:346366 disposed:false
81 http fetch GET 200 https://registry.npmjs.org/multer 447ms (cache hit)
82 silly packumentCache corgi:https://registry.npmjs.org/multer set size:68672 disposed:false
83 http fetch GET 200 https://registry.npmjs.org/passport 448ms (cache hit)
84 silly packumentCache corgi:https://registry.npmjs.org/passport set size:25931 disposed:false
85 http fetch GET 200 https://registry.npmjs.org/nodemailer 451ms (cache hit)
86 silly packumentCache corgi:https://registry.npmjs.org/nodemailer set size:300541 disposed:false
87 http fetch GET 200 https://registry.npmjs.org/tar 453ms (cache hit)
88 silly packumentCache corgi:https://registry.npmjs.org/tar set size:160112 disposed:false
89 http fetch GET 200 https://registry.npmjs.org/tough-cookie 455ms (cache hit)
90 silly packumentCache corgi:https://registry.npmjs.org/tough-cookie set size:55049 disposed:false
91 http fetch GET 200 https://registry.npmjs.org/xml2js 456ms (cache hit)
92 silly packumentCache corgi:https://registry.npmjs.org/xml2js set size:38207 disposed:false
93 silly packumentCache corgi:https://registry.npmjs.org/@node-red%2feditor-api cache-miss
94 silly packumentCache corgi:https://registry.npmjs.org/@node-red%2fnodes cache-miss
95 silly packumentCache corgi:https://registry.npmjs.org/mqtt cache-miss
96 http fetch GET 200 https://registry.npmjs.org/@node-red%2feditor-api 42ms (cache hit)
97 silly packumentCache corgi:https://registry.npmjs.org/@node-red%2feditor-api set size:194424 disposed:false
98 http fetch GET 200 https://registry.npmjs.org/@node-red%2fnodes 44ms (cache hit)
99 silly packumentCache corgi:https://registry.npmjs.org/@node-red%2fnodes set size:203358 disposed:false
100 http fetch GET 200 https://registry.npmjs.org/mqtt 46ms (cache hit)
101 silly packumentCache corgi:https://registry.npmjs.org/mqtt set size:327938 disposed:false
102 silly packumentCache corgi:https://registry.npmjs.org/node-red-admin cache-miss
103 http fetch GET 200 https://registry.npmjs.org/node-red-admin 34ms (cache hit)
104 silly packumentCache corgi:https://registry.npmjs.org/node-red-admin set size:46771 disposed:false
105 silly packumentCache corgi:https://registry.npmjs.org/cookie-parser cache-miss
106 silly packumentCache corgi:https://registry.npmjs.org/express-session cache-miss
107 http fetch GET 200 https://registry.npmjs.org/express-session 96ms (cache hit)
108 silly packumentCache corgi:https://registry.npmjs.org/express-session set size:62752 disposed:false
109 http fetch GET 200 https://registry.npmjs.org/cookie-parser 101ms (cache hit)
110 silly packumentCache corgi:https://registry.npmjs.org/cookie-parser set size:15528 disposed:false
111 silly packumentCache corgi:https://registry.npmjs.org/busboy cache-miss
112 http fetch GET 200 https://registry.npmjs.org/busboy 37ms (cache hit)
113 silly packumentCache corgi:https://registry.npmjs.org/busboy set size:31771 disposed:false
114 silly packumentCache corgi:https://registry.npmjs.org/@node-red%2fruntime cache-miss
115 silly packumentCache corgi:https://registry.npmjs.org/node-red cache-miss
116 http fetch GET 200 https://registry.npmjs.org/@node-red%2fruntime 39ms (cache hit)
117 silly packumentCache corgi:https://registry.npmjs.org/@node-red%2fruntime set size:160090 disposed:false
118 http fetch GET 200 https://registry.npmjs.org/node-red 42ms (cache hit)
119 silly packumentCache corgi:https://registry.npmjs.org/node-red set size:325129 disposed:false
120 silly packumentCache corgi:https://registry.npmjs.org/@node-red%2futil cache-miss
121 http fetch GET 200 https://registry.npmjs.org/@node-red%2futil 37ms (cache hit)
122 silly packumentCache corgi:https://registry.npmjs.org/@node-red%2futil set size:155622 disposed:false
123 silly packumentCache corgi:https://registry.npmjs.org/@mapbox%2fnode-pre-gyp cache-miss
124 silly packumentCache corgi:https://registry.npmjs.org/@node-red%2fregistry cache-miss
125 http fetch GET 200 https://registry.npmjs.org/@node-red%2fregistry 40ms (cache hit)
126 silly packumentCache corgi:https://registry.npmjs.org/@node-red%2fregistry set size:152275 disposed:false
127 http fetch GET 200 https://registry.npmjs.org/@mapbox%2fnode-pre-gyp 44ms (cache hit)
128 silly packumentCache corgi:https://registry.npmjs.org/@mapbox%2fnode-pre-gyp set size:38592 disposed:false
129 silly packumentCache corgi:https://registry.npmjs.org/utf7 cache-miss
130 http fetch GET 200 https://registry.npmjs.org/utf7 32ms (cache hit)
131 silly packumentCache corgi:https://registry.npmjs.org/utf7 set size:1637 disposed:false
132 silly packumentCache corgi:https://registry.npmjs.org/node-red-contrib-email cache-miss
133 silly packumentCache corgi:https://registry.npmjs.org/node-red-contrib-email-dynamic cache-miss
134 silly packumentCache corgi:https://registry.npmjs.org/mailparser cache-miss
135 silly packumentCache corgi:https://registry.npmjs.org/node-red-node-email cache-miss
136 silly packumentCache corgi:https://registry.npmjs.org/smtp-server cache-miss
137 http fetch GET 200 https://registry.npmjs.org/node-red-contrib-email-dynamic 54ms (cache hit)
138 silly packumentCache corgi:https://registry.npmjs.org/node-red-contrib-email-dynamic set size:1443 disposed:false
139 http fetch GET 200 https://registry.npmjs.org/node-red-contrib-email 55ms (cache hit)
140 silly packumentCache corgi:https://registry.npmjs.org/node-red-contrib-email set size:8295 disposed:false
141 http fetch GET 200 https://registry.npmjs.org/mailparser 54ms (cache hit)
142 silly packumentCache corgi:https://registry.npmjs.org/mailparser set size:127575 disposed:false
143 http fetch GET 200 https://registry.npmjs.org/node-red-node-email 57ms (cache hit)
144 silly packumentCache corgi:https://registry.npmjs.org/node-red-node-email set size:114375 disposed:false
145 http fetch GET 200 https://registry.npmjs.org/smtp-server 58ms (cache hit)
146 silly packumentCache corgi:https://registry.npmjs.org/smtp-server set size:68347 disposed:false
147 silly packumentCache corgi:https://registry.npmjs.org/imap cache-miss
148 http fetch GET 200 https://registry.npmjs.org/imap 31ms (cache hit)
149 silly packumentCache corgi:https://registry.npmjs.org/imap set size:28060 disposed:false
150 silly ADD node_modules/simple-parser
151 verbose cwd /data
152 verbose os Linux 6.6.87.2-microsoft-standard-WSL2
153 verbose node v20.19.0
154 verbose npm  v10.8.2
155 verbose exit 0
156 info ok
