0 verbose cli /usr/local/bin/node /usr/local/bin/npm
1 info using npm@10.8.2
2 info using node@v20.19.0
3 silly config load:file:/usr/local/lib/node_modules/npm/npmrc
4 silly config load:file:/usr/src/node-red/.npmrc
5 silly config load:file:/usr/local/etc/npmrc
6 verbose title npm install simpleparser
7 verbose argv "install" "simpleparser"
8 verbose logfile logs-max:10 dir:/data/.npm/_logs/2025-11-20T13_33_39_428Z-
9 verbose logfile /data/.npm/_logs/2025-11-20T13_33_39_428Z-debug-0.log
10 silly packumentCache heap:2197815296 maxSize:549453824 maxEntrySize:274726912
11 silly logfile start cleaning logs, removing 1 files
12 silly idealTree buildDeps
13 silly fetch manifest simpleparser@*
14 silly packumentCache full:https://registry.npmjs.org/simpleparser cache-miss
15 silly logfile done cleaning log files
16 http fetch GET 200 https://registry.npmjs.org/simpleparser 878ms (cache miss)
17 silly packumentCache full:https://registry.npmjs.org/simpleparser set size:undefined disposed:false
18 silly placeDep ROOT simpleparser@ OK for: node-red-docker@4.0.9 want: *
19 verbose type range
20 verbose stack simpleparser: No matching version found for simpleparser@*.
20 verbose stack     at module.exports (/usr/local/lib/node_modules/npm/node_modules/npm-pick-manifest/lib/index.js:215:23)
20 verbose stack     at RegistryFetcher.manifest (/usr/local/lib/node_modules/npm/node_modules/pacote/lib/registry.js:130:54)
20 verbose stack     at async #fetchManifest (/usr/local/lib/node_modules/npm/node_modules/@npmcli/arborist/lib/arborist/build-ideal-tree.js:1199:20)
20 verbose stack     at async #nodeFromEdge (/usr/local/lib/node_modules/npm/node_modules/@npmcli/arborist/lib/arborist/build-ideal-tree.js:1037:19)
20 verbose stack     at async #buildDepStep (/usr/local/lib/node_modules/npm/node_modules/@npmcli/arborist/lib/arborist/build-ideal-tree.js:901:11)
20 verbose stack     at async Arborist.buildIdealTree (/usr/local/lib/node_modules/npm/node_modules/@npmcli/arborist/lib/arborist/build-ideal-tree.js:181:7)
20 verbose stack     at async Promise.all (index 1)
20 verbose stack     at async Arborist.reify (/usr/local/lib/node_modules/npm/node_modules/@npmcli/arborist/lib/arborist/reify.js:131:5)
20 verbose stack     at async Install.exec (/usr/local/lib/node_modules/npm/lib/commands/install.js:150:5)
20 verbose stack     at async Npm.exec (/usr/local/lib/node_modules/npm/lib/npm.js:207:9)
21 error code ETARGET
22 error notarget No matching version found for simpleparser@*.
23 error notarget In most cases you or one of your dependencies are requesting
23 error notarget a package version that doesn't exist.
24 silly unfinished npm timer reify 1763645619695
25 silly unfinished npm timer reify:loadTrees 1763645619704
26 verbose cwd /usr/src/node-red
27 verbose os Linux 6.6.87.2-microsoft-standard-WSL2
28 verbose node v20.19.0
29 verbose npm  v10.8.2
30 verbose exit 1
31 verbose code 1
32 error A complete log of this run can be found in: /data/.npm/_logs/2025-11-20T13_33_39_428Z-debug-0.log
