0 verbose cli /usr/local/bin/node /usr/local/bin/npm
1 info using npm@10.8.2
2 info using node@v20.19.0
3 silly config load:file:/usr/local/lib/node_modules/npm/npmrc
4 silly config load:file:/data/.npmrc
5 silly config load:file:/usr/src/node-red/.npmrc
6 silly config load:file:/usr/local/etc/npmrc
7 verbose title npm install mqtt
8 verbose argv "install" "mqtt"
9 verbose logfile logs-max:10 dir:/data/.npm/_logs/2025-10-22T15_23_15_069Z-
10 verbose logfile /data/.npm/_logs/2025-10-22T15_23_15_069Z-debug-0.log
11 silly packumentCache heap:2197815296 maxSize:549453824 maxEntrySize:274726912
12 silly logfile start cleaning logs, removing 1 files
13 silly logfile done cleaning log files
14 silly idealTree buildDeps
15 silly fetch manifest mqtt@*
16 silly packumentCache full:https://registry.npmjs.org/mqtt cache-miss
17 http fetch GET 200 https://registry.npmjs.org/mqtt 643ms (cache revalidated)
18 silly packumentCache full:https://registry.npmjs.org/mqtt set size:805874 disposed:false
19 silly placeDep ROOT mqtt@5.14.1 OK for: node-red-project@0.0.1 want: *
20 silly fetch manifest commist@^3.2.0
21 silly packumentCache full:https://registry.npmjs.org/commist cache-miss
22 silly fetch manifest concat-stream@^2.0.0
23 silly packumentCache full:https://registry.npmjs.org/concat-stream cache-miss
24 silly fetch manifest debug@^4.4.1
25 silly packumentCache full:https://registry.npmjs.org/debug cache-miss
26 silly fetch manifest help-me@^5.0.0
27 silly packumentCache full:https://registry.npmjs.org/help-me cache-miss
28 silly fetch manifest lru-cache@^10.4.3
29 silly packumentCache full:https://registry.npmjs.org/lru-cache cache-miss
30 silly fetch manifest mqtt-packet@^9.0.2
31 silly packumentCache full:https://registry.npmjs.org/mqtt-packet cache-miss
32 silly fetch manifest readable-stream@^4.7.0
33 silly packumentCache full:https://registry.npmjs.org/readable-stream cache-miss
34 http fetch GET 200 https://registry.npmjs.org/debug 158ms (cache revalidated)
35 silly packumentCache full:https://registry.npmjs.org/debug set size:195840 disposed:false
36 silly fetch manifest split2@^4.2.0
37 silly packumentCache full:https://registry.npmjs.org/split2 cache-miss
38 http fetch GET 200 https://registry.npmjs.org/concat-stream 220ms (cache revalidated)
39 silly packumentCache full:https://registry.npmjs.org/concat-stream set size:63783 disposed:false
40 silly fetch manifest ws@^8.18.3
41 silly packumentCache full:https://registry.npmjs.org/ws cache-miss
42 http fetch GET 200 https://registry.npmjs.org/help-me 223ms (cache revalidated)
43 silly packumentCache full:https://registry.npmjs.org/help-me set size:29897 disposed:false
44 http fetch GET 200 https://registry.npmjs.org/lru-cache 225ms (cache revalidated)
45 silly packumentCache full:https://registry.npmjs.org/lru-cache set size:400387 disposed:false
46 http fetch GET 200 https://registry.npmjs.org/mqtt-packet 235ms (cache revalidated)
47 silly packumentCache full:https://registry.npmjs.org/mqtt-packet set size:181823 disposed:false
48 http fetch GET 200 https://registry.npmjs.org/commist 277ms (cache revalidated)
49 silly packumentCache full:https://registry.npmjs.org/commist set size:24560 disposed:false
50 http fetch GET 200 https://registry.npmjs.org/readable-stream 273ms (cache revalidated)
51 silly packumentCache full:https://registry.npmjs.org/readable-stream set size:261096 disposed:false
52 http fetch GET 200 https://registry.npmjs.org/split2 179ms (cache revalidated)
53 silly packumentCache full:https://registry.npmjs.org/split2 set size:47438 disposed:false
54 http fetch GET 200 https://registry.npmjs.org/ws 127ms (cache revalidated)
55 silly packumentCache full:https://registry.npmjs.org/ws set size:410885 disposed:false
56 silly fetch manifest bufferutil@^4.0.1
57 silly packumentCache full:https://registry.npmjs.org/bufferutil cache-miss
58 http fetch GET 200 https://registry.npmjs.org/bufferutil 140ms (cache revalidated)
59 silly packumentCache full:https://registry.npmjs.org/bufferutil set size:51033 disposed:false
60 silly fetch manifest utf-8-validate@>=5.0.2
61 silly packumentCache full:https://registry.npmjs.org/utf-8-validate cache-miss
62 http fetch GET 200 https://registry.npmjs.org/utf-8-validate 115ms (cache revalidated)
63 silly packumentCache full:https://registry.npmjs.org/utf-8-validate set size:75205 disposed:false
64 silly placeDep node_modules/mqtt commist@3.2.0 OK for: mqtt@5.14.1 want: ^3.2.0
65 silly placeDep node_modules/mqtt concat-stream@2.0.0 OK for: mqtt@5.14.1 want: ^2.0.0
66 silly placeDep ROOT debug@4.4.3 OK for: mqtt@5.14.1 want: ^4.4.1
67 silly placeDep node_modules/mqtt help-me@5.0.0 OK for: mqtt@5.14.1 want: ^5.0.0
68 silly placeDep node_modules/mqtt lru-cache@10.4.3 OK for: mqtt@5.14.1 want: ^10.4.3
69 silly placeDep node_modules/mqtt mqtt-packet@9.0.2 OK for: mqtt@5.14.1 want: ^9.0.2
70 silly placeDep node_modules/mqtt readable-stream@4.7.0 OK for: mqtt@5.14.1 want: ^4.7.0
71 silly placeDep node_modules/mqtt split2@4.2.0 OK for: mqtt@5.14.1 want: ^4.2.0
72 silly placeDep ROOT ws@8.18.3 OK for: mqtt@5.14.1 want: ^8.18.3
73 silly fetch manifest readable-stream@^3.0.2
74 silly packumentCache full:https://registry.npmjs.org/readable-stream cache-hit
75 silly fetch manifest bl@^6.0.8
76 silly packumentCache full:https://registry.npmjs.org/bl cache-miss
77 silly fetch manifest abort-controller@^3.0.0
78 silly packumentCache full:https://registry.npmjs.org/abort-controller cache-miss
79 silly fetch manifest buffer@^6.0.3
80 silly packumentCache full:https://registry.npmjs.org/buffer cache-miss
81 silly fetch manifest events@^3.3.0
82 silly packumentCache full:https://registry.npmjs.org/events cache-miss
83 silly fetch manifest process@^0.11.10
84 silly packumentCache full:https://registry.npmjs.org/process cache-miss
85 silly fetch manifest string_decoder@^1.3.0
86 silly packumentCache full:https://registry.npmjs.org/string_decoder cache-miss
87 http fetch GET 200 https://registry.npmjs.org/abort-controller 142ms (cache revalidated)
88 silly packumentCache full:https://registry.npmjs.org/abort-controller set size:47272 disposed:false
89 http fetch GET 200 https://registry.npmjs.org/buffer 147ms (cache revalidated)
90 silly packumentCache full:https://registry.npmjs.org/buffer set size:280480 disposed:false
91 http fetch GET 200 https://registry.npmjs.org/process 152ms (cache revalidated)
92 silly packumentCache full:https://registry.npmjs.org/process set size:31260 disposed:false
93 http fetch GET 200 https://registry.npmjs.org/string_decoder 153ms (cache revalidated)
94 silly packumentCache full:https://registry.npmjs.org/string_decoder set size:28441 disposed:false
95 http fetch GET 200 https://registry.npmjs.org/events 189ms (cache revalidated)
96 silly packumentCache full:https://registry.npmjs.org/events set size:35240 disposed:false
97 http fetch GET 200 https://registry.npmjs.org/bl 197ms (cache revalidated)
98 silly packumentCache full:https://registry.npmjs.org/bl set size:183142 disposed:false
99 silly placeDep node_modules/mqtt/node_modules/concat-stream readable-stream@3.6.2 OK for: concat-stream@2.0.0 want: ^3.0.2
100 silly placeDep node_modules/mqtt bl@6.1.4 OK for: mqtt-packet@9.0.2 want: ^6.0.8
101 silly placeDep node_modules/mqtt buffer@6.0.3 OK for: bl@6.1.4 want: ^6.0.3
102 silly placeDep ROOT abort-controller@3.0.0 OK for: readable-stream@4.7.0 want: ^3.0.0
103 silly placeDep ROOT events@3.3.0 OK for: readable-stream@4.7.0 want: ^3.3.0
104 silly placeDep ROOT process@0.11.10 OK for: readable-stream@4.7.0 want: ^0.11.10
105 silly placeDep node_modules/mqtt string_decoder@1.3.0 OK for: readable-stream@4.7.0 want: ^1.3.0
106 silly fetch manifest event-target-shim@^5.0.0
107 silly packumentCache full:https://registry.npmjs.org/event-target-shim cache-miss
108 silly fetch manifest safe-buffer@~5.2.0
109 silly packumentCache full:https://registry.npmjs.org/safe-buffer cache-miss
110 http fetch GET 200 https://registry.npmjs.org/safe-buffer 121ms (cache revalidated)
111 silly packumentCache full:https://registry.npmjs.org/safe-buffer set size:41183 disposed:false
112 http fetch GET 200 https://registry.npmjs.org/event-target-shim 168ms (cache revalidated)
113 silly packumentCache full:https://registry.npmjs.org/event-target-shim set size:103601 disposed:false
114 silly placeDep ROOT event-target-shim@5.0.1 OK for: abort-controller@3.0.0 want: ^5.0.0
115 silly placeDep node_modules/mqtt safe-buffer@5.2.1 OK for: string_decoder@1.3.0 want: ~5.2.0
116 silly reify mark retired [
116 silly reify   '/data/node_modules/@arifhosan/node-red-contrib-mqtt-auto/node_modules/bl'
116 silly reify ]
117 silly reify mark retired [
117 silly reify   '/data/node_modules/@arifhosan/node-red-contrib-mqtt-auto/node_modules/buffer'
117 silly reify ]
118 silly reify mark retired [
118 silly reify   '/data/node_modules/@arifhosan/node-red-contrib-mqtt-auto/node_modules/commist'
118 silly reify ]
119 silly reify mark retired [
119 silly reify   '/data/node_modules/@arifhosan/node-red-contrib-mqtt-auto/node_modules/concat-stream'
119 silly reify ]
120 silly reify mark retired [
120 silly reify   '/data/node_modules/@arifhosan/node-red-contrib-mqtt-auto/node_modules/debug'
120 silly reify ]
121 silly reify mark retired [
121 silly reify   '/data/node_modules/@arifhosan/node-red-contrib-mqtt-auto/node_modules/help-me'
121 silly reify ]
122 silly reify mark retired [
122 silly reify   '/data/node_modules/@arifhosan/node-red-contrib-mqtt-auto/node_modules/lru-cache'
122 silly reify ]
123 silly reify mark retired [
123 silly reify   '/data/node_modules/@arifhosan/node-red-contrib-mqtt-auto/node_modules/mqtt',
123 silly reify   '/data/node_modules/@arifhosan/node-red-contrib-mqtt-auto/node_modules/.bin/mqtt',
123 silly reify   '/data/node_modules/@arifhosan/node-red-contrib-mqtt-auto/node_modules/.bin/mqtt_pub',
123 silly reify   '/data/node_modules/@arifhosan/node-red-contrib-mqtt-auto/node_modules/.bin/mqtt_sub'
123 silly reify ]
124 silly reify mark retired [
124 silly reify   '/data/node_modules/@arifhosan/node-red-contrib-mqtt-auto/node_modules/mqtt-packet'
124 silly reify ]
125 silly reify mark retired [
125 silly reify   '/data/node_modules/@arifhosan/node-red-contrib-mqtt-auto/node_modules/readable-stream'
125 silly reify ]
126 silly reify mark retired [
126 silly reify   '/data/node_modules/@arifhosan/node-red-contrib-mqtt-auto/node_modules/safe-buffer'
126 silly reify ]
127 silly reify mark retired [
127 silly reify   '/data/node_modules/@arifhosan/node-red-contrib-mqtt-auto/node_modules/split2'
127 silly reify ]
128 silly reify mark retired [
128 silly reify   '/data/node_modules/@arifhosan/node-red-contrib-mqtt-auto/node_modules/string_decoder'
128 silly reify ]
129 silly reify mark retired [
129 silly reify   '/data/node_modules/@arifhosan/node-red-contrib-mqtt-auto/node_modules/ws'
129 silly reify ]
130 silly reify mark retired [ '/data/node_modules/@mapbox/node-pre-gyp/node_modules/debug' ]
131 silly reify mark retired [ '/data/node_modules/@node-red/nodes/node_modules/debug' ]
132 silly reify mark retired [ '/data/node_modules/memorystore/node_modules/debug' ]
133 silly reify mark retired [ '/data/node_modules/mqtt-packet/node_modules/debug' ]
134 silly reify mark retired [ '/data/node_modules/node-red-contrib-mqtt-gem/node_modules/debug' ]
135 silly reify mark retired [ '/data/node_modules/number-allocator/node_modules/debug' ]
136 silly reify moves {
136 silly reify   '/data/node_modules/@arifhosan/node-red-contrib-mqtt-auto/node_modules/bl': '/data/node_modules/@arifhosan/node-red-contrib-mqtt-auto/node_modules/.bl-TO9Ga9kY',
136 silly reify   '/data/node_modules/@arifhosan/node-red-contrib-mqtt-auto/node_modules/buffer': '/data/node_modules/@arifhosan/node-red-contrib-mqtt-auto/node_modules/.buffer-gdjN6yNZ',
136 silly reify   '/data/node_modules/@arifhosan/node-red-contrib-mqtt-auto/node_modules/commist': '/data/node_modules/@arifhosan/node-red-contrib-mqtt-auto/node_modules/.commist-pPHpEw5f',
136 silly reify   '/data/node_modules/@arifhosan/node-red-contrib-mqtt-auto/node_modules/concat-stream': '/data/node_modules/@arifhosan/node-red-contrib-mqtt-auto/node_modules/.concat-stream-RlAdX3vH',
136 silly reify   '/data/node_modules/@arifhosan/node-red-contrib-mqtt-auto/node_modules/debug': '/data/node_modules/@arifhosan/node-red-contrib-mqtt-auto/node_modules/.debug-RVy9mnzu',
136 silly reify   '/data/node_modules/@arifhosan/node-red-contrib-mqtt-auto/node_modules/help-me': '/data/node_modules/@arifhosan/node-red-contrib-mqtt-auto/node_modules/.help-me-wOkm5kJC',
136 silly reify   '/data/node_modules/@arifhosan/node-red-contrib-mqtt-auto/node_modules/lru-cache': '/data/node_modules/@arifhosan/node-red-contrib-mqtt-auto/node_modules/.lru-cache-9vfzWP3c',
136 silly reify   '/data/node_modules/@arifhosan/node-red-contrib-mqtt-auto/node_modules/mqtt': '/data/node_modules/@arifhosan/node-red-contrib-mqtt-auto/node_modules/.mqtt-kQdZYWHK',
136 silly reify   '/data/node_modules/@arifhosan/node-red-contrib-mqtt-auto/node_modules/.bin/mqtt': '/data/node_modules/@arifhosan/node-red-contrib-mqtt-auto/node_modules/.bin/.mqtt-CqAod9tI',
136 silly reify   '/data/node_modules/@arifhosan/node-red-contrib-mqtt-auto/node_modules/.bin/mqtt_pub': '/data/node_modules/@arifhosan/node-red-contrib-mqtt-auto/node_modules/.bin/.mqtt_pub-GGNDvkyK',
136 silly reify   '/data/node_modules/@arifhosan/node-red-contrib-mqtt-auto/node_modules/.bin/mqtt_sub': '/data/node_modules/@arifhosan/node-red-contrib-mqtt-auto/node_modules/.bin/.mqtt_sub-NNTziw3Y',
136 silly reify   '/data/node_modules/@arifhosan/node-red-contrib-mqtt-auto/node_modules/mqtt-packet': '/data/node_modules/@arifhosan/node-red-contrib-mqtt-auto/node_modules/.mqtt-packet-YLcXUR0M',
136 silly reify   '/data/node_modules/@arifhosan/node-red-contrib-mqtt-auto/node_modules/readable-stream': '/data/node_modules/@arifhosan/node-red-contrib-mqtt-auto/node_modules/.readable-stream-LFni404g',
136 silly reify   '/data/node_modules/@arifhosan/node-red-contrib-mqtt-auto/node_modules/safe-buffer': '/data/node_modules/@arifhosan/node-red-contrib-mqtt-auto/node_modules/.safe-buffer-2C0cu8Ul',
136 silly reify   '/data/node_modules/@arifhosan/node-red-contrib-mqtt-auto/node_modules/split2': '/data/node_modules/@arifhosan/node-red-contrib-mqtt-auto/node_modules/.split2-akWZlPDb',
136 silly reify   '/data/node_modules/@arifhosan/node-red-contrib-mqtt-auto/node_modules/string_decoder': '/data/node_modules/@arifhosan/node-red-contrib-mqtt-auto/node_modules/.string_decoder-14imjf0u',
136 silly reify   '/data/node_modules/@arifhosan/node-red-contrib-mqtt-auto/node_modules/ws': '/data/node_modules/@arifhosan/node-red-contrib-mqtt-auto/node_modules/.ws-7cZXVjgM',
136 silly reify   '/data/node_modules/@mapbox/node-pre-gyp/node_modules/debug': '/data/node_modules/@mapbox/node-pre-gyp/node_modules/.debug-qhxoYYWV',
136 silly reify   '/data/node_modules/@node-red/nodes/node_modules/debug': '/data/node_modules/@node-red/nodes/node_modules/.debug-xn7EoPXG',
136 silly reify   '/data/node_modules/memorystore/node_modules/debug': '/data/node_modules/memorystore/node_modules/.debug-ymUndfPL',
136 silly reify   '/data/node_modules/mqtt-packet/node_modules/debug': '/data/node_modules/mqtt-packet/node_modules/.debug-ywLN3dm5',
136 silly reify   '/data/node_modules/node-red-contrib-mqtt-gem/node_modules/debug': '/data/node_modules/node-red-contrib-mqtt-gem/node_modules/.debug-db7gCWbr',
136 silly reify   '/data/node_modules/number-allocator/node_modules/debug': '/data/node_modules/number-allocator/node_modules/.debug-lZhwmXbX'
136 silly reify }
137 silly audit bulk request {
137 silly audit   '@arifhosan/node-red-contrib-mqtt-auto': [ '2.2.2-1' ],
137 silly audit   bl: [ '4.1.0', '1.2.3', '6.1.4' ],
137 silly audit   buffer: [ '5.7.1', '6.0.3' ],
137 silly audit   commist: [ '1.1.0', '3.2.0' ],
137 silly audit   'concat-stream': [ '2.0.0', '1.6.2' ],
137 silly audit   'readable-stream': [ '3.6.2', '1.1.14', '1.0.34', '2.3.8', '4.7.0' ],
137 silly audit   debug: [ '2.6.9', '4.4.3' ],
137 silly audit   'help-me': [ '3.0.0', '1.1.0', '5.0.0' ],
137 silly audit   'lru-cache': [ '6.0.0', '4.1.5', '10.4.3' ],
137 silly audit   mqtt: [ '4.3.5', '1.14.1', '4.3.8', '5.14.1' ],
137 silly audit   'mqtt-packet': [ '3.5.1', '6.10.0', '9.0.2' ],
137 silly audit   'safe-buffer': [ '5.2.1', '5.1.2' ],
137 silly audit   split2: [ '2.2.0', '3.2.2', '4.2.0' ],
137 silly audit   string_decoder: [ '0.10.31', '1.1.1', '1.3.0' ],
137 silly audit   ws: [ '7.5.6', '1.1.5', '7.5.10', '8.18.3' ],
137 silly audit   '@babel/runtime': [ '7.28.4' ],
137 silly audit   '@mapbox/node-pre-gyp': [ '1.0.11' ],
137 silly audit   'agent-base': [ '6.0.2' ],
137 silly audit   'https-proxy-agent': [ '5.0.1', '5.0.0' ],
137 silly audit   '@node-red/editor-api': [ '2.2.3' ],
137 silly audit   '@node-red/editor-client': [ '2.2.3' ],
137 silly audit   '@node-red/nodes': [ '2.2.3' ],
137 silly audit   duplexify: [ '4.1.3', '3.7.1' ],
137 silly audit   '@node-red/registry': [ '2.2.3' ],
137 silly audit   '@node-red/runtime': [ '2.2.3' ],
137 silly audit   '@node-red/util': [ '2.2.3' ],
137 silly audit   '@sindresorhus/is': [ '4.6.0' ],
137 silly audit   '@szmarczak/http-timer': [ '4.0.6' ],
137 silly audit   '@types/cacheable-request': [ '6.0.3' ],
137 silly audit   '@types/http-cache-semantics': [ '4.0.4' ],
137 silly audit   '@types/keyv': [ '3.1.4' ],
137 silly audit   '@types/node': [ '24.9.1' ],
137 silly audit   '@types/readable-stream': [ '4.0.21' ],
137 silly audit   '@types/responselike': [ '1.0.3' ],
137 silly audit   '@types/ws': [ '8.18.1' ],
137 silly audit   abbrev: [ '1.1.1' ],
137 silly audit   accepts: [ '1.3.8' ],
137 silly audit   acorn: [ '8.7.0' ],
137 silly audit   'acorn-walk': [ '8.2.0' ],
137 silly audit   ajv: [ '8.10.0' ],
137 silly audit   'ansi-colors': [ '4.1.3' ],
137 silly audit   'ansi-regex': [ '5.0.1' ],
137 silly audit   'append-field': [ '1.0.0' ],
137 silly audit   aproba: [ '2.1.0' ],
137 silly audit   'are-we-there-yet': [ '2.0.0' ],
137 silly audit   argparse: [ '1.0.10' ],
137 silly audit   'array-flatten': [ '1.1.1' ],
137 silly audit   async: [ '0.1.22' ],
137 silly audit   'async-mutex': [ '0.3.2' ],
137 silly audit   asynckit: [ '0.4.0' ],
137 silly audit   axios: [ '0.27.0' ],
137 silly audit   'balanced-match': [ '1.0.2' ],
137 silly audit   'base64-js': [ '1.5.1' ],
137 silly audit   'basic-auth': [ '2.0.1' ],
137 silly audit   bcrypt: [ '5.0.1' ],
137 silly audit   bcryptjs: [ '2.4.3' ],
137 silly audit   'body-parser': [ '1.19.1' ],
137 silly audit   'iconv-lite': [ '0.4.24', '0.6.3' ],
137 silly audit   ms: [ '2.0.0', '2.1.3' ],
137 silly audit   qs: [ '6.9.6' ],
137 silly audit   'raw-body': [ '2.4.2', '2.4.3' ],
137 silly audit   boolbase: [ '1.0.0' ],
137 silly audit   'brace-expansion': [ '1.1.12' ],
137 silly audit   'broker-factory': [ '3.1.10' ],
137 silly audit   'buffer-from': [ '1.1.2' ],
137 silly audit   busboy: [ '0.2.14' ],
137 silly audit   isarray: [ '0.0.1', '1.0.0' ],
137 silly audit   bytes: [ '3.1.1', '3.1.2' ],
137 silly audit   'cacheable-lookup': [ '5.0.4' ],
137 silly audit   'cacheable-request': [ '7.0.4' ],
137 silly audit   'callback-stream': [ '1.1.0' ],
137 silly audit   cheerio: [ '1.0.0-rc.10' ],
137 silly audit   'cheerio-select': [ '1.6.0' ],
137 silly audit   chownr: [ '2.0.0' ],
137 silly audit   'cli-table': [ '0.3.11' ],
137 silly audit   clone: [ '2.1.2' ],
137 silly audit   'clone-response': [ '1.0.3' ],
137 silly audit   'color-support': [ '1.1.3' ],
137 silly audit   colors: [ '1.0.3' ],
137 silly audit   'combined-stream': [ '1.0.8' ],
137 silly audit   'concat-map': [ '0.0.1' ],
137 silly audit   'console-control-strings': [ '1.1.0' ],
137 silly audit   'content-disposition': [ '0.5.4' ],
137 silly audit   'content-type': [ '1.0.4' ],
137 silly audit   cookie: [ '0.4.2', '0.4.1' ],
137 silly audit   'cookie-parser': [ '1.4.6' ],
137 silly audit   'cookie-signature': [ '1.0.6' ],
137 silly audit   'core-util-is': [ '1.0.3' ],
137 silly audit   cors: [ '2.8.5' ],
137 silly audit   cronosjs: [ '1.7.1' ],
137 silly audit   'css-select': [ '4.3.0' ],
137 silly audit   'css-what': [ '6.2.2' ],
137 silly audit   'decompress-response': [ '6.0.0' ],
137 silly audit   'mimic-response': [ '3.1.0', '1.0.1' ],
137 silly audit   'defer-to-connect': [ '2.0.1' ],
137 silly audit   'delayed-stream': [ '1.0.0' ],
137 silly audit   delegates: [ '1.0.0' ],
137 silly audit   denque: [ '2.0.1' ],
137 silly audit   depd: [ '1.1.2', '2.0.0' ],
137 silly audit   destr: [ '2.0.5' ],
137 silly audit   destroy: [ '1.0.4' ],
137 silly audit   'detect-libc': [ '2.1.2' ],
137 silly audit   dicer: [ '0.2.5' ],
137 silly audit   'dom-serializer': [ '1.4.1', '2.0.0' ],
137 silly audit   domelementtype: [ '2.3.0' ],
137 silly audit   domhandler: [ '4.3.1', '5.0.3' ],
137 silly audit   domutils: [ '2.8.0', '3.2.2' ],
137 silly audit   'ee-first': [ '1.1.1' ],
137 silly audit   'emoji-regex': [ '8.0.0' ],
137 silly audit   encodeurl: [ '1.0.2' ],
137 silly audit   'end-of-stream': [ '1.4.5' ],
137 silly audit   enquirer: [ '2.4.1' ],
137 silly audit   entities: [ '2.2.0', '4.5.0' ],
137 silly audit   'escape-html': [ '1.0.3' ],
137 silly audit   esprima: [ '4.0.1' ],
137 silly audit   etag: [ '1.8.1' ],
137 silly audit   express: [ '4.17.2' ],
137 silly audit   'express-session': [ '1.17.2' ],
137 silly audit   extend: [ '3.0.2' ],
137 silly audit   'fast-deep-equal': [ '3.1.3' ],
137 silly audit   'fast-unique-numbers': [ '9.0.24' ],
137 silly audit   finalhandler: [ '1.1.2' ],
137 silly audit   'follow-redirects': [ '1.15.11' ],
137 silly audit   'form-data': [ '4.0.0' ],
137 silly audit   forwarded: [ '0.2.0' ],
137 silly audit   fresh: [ '0.5.2' ],
137 silly audit   'fs-extra': [ '10.0.0' ],
137 silly audit   'fs-minipass': [ '2.1.0' ],
137 silly audit   'fs.notify': [ '0.0.4' ],
137 silly audit   'fs.realpath': [ '1.0.0' ],
137 silly audit   gauge: [ '3.0.2' ],
137 silly audit   'get-stream': [ '5.2.0' ],
137 silly audit   glob: [ '7.2.3' ],
137 silly audit   'glob-parent': [ '3.1.0' ],
137 silly audit   'glob-stream': [ '6.1.0' ],
137 silly audit   got: [ '11.8.3' ],
137 silly audit   'graceful-fs': [ '4.2.11' ],
137 silly audit   'has-unicode': [ '2.0.1' ],
137 silly audit   'hash-sum': [ '2.0.0' ],
137 silly audit   hpagent: [ '0.1.2' ],
137 silly audit   htmlparser2: [ '6.1.0', '8.0.2' ],
137 silly audit   'http-cache-semantics': [ '4.2.0' ],
137 silly audit   'http-errors': [ '1.8.1' ],
137 silly audit   'http2-wrapper': [ '1.0.3' ],
137 silly audit   i18next: [ '21.6.11' ],
137 silly audit   ieee754: [ '1.2.1' ],
137 silly audit   inflight: [ '1.0.6' ],
137 silly audit   inherits: [ '2.0.4' ],
137 silly audit   'ip-address': [ '10.0.1' ],
137 silly audit   'ipaddr.js': [ '1.9.1' ],
137 silly audit   'is-absolute': [ '1.0.0' ],
137 silly audit   'is-extglob': [ '2.1.1' ],
137 silly audit   'is-fullwidth-code-point': [ '3.0.0' ],
137 silly audit   'is-glob': [ '3.1.0' ],
137 silly audit   'is-negated-glob': [ '1.0.0' ],
137 silly audit   'is-relative': [ '1.0.0' ],
137 silly audit   'is-unc-path': [ '1.0.0' ],
137 silly audit   'is-utf8': [ '0.2.1' ],
137 silly audit   'is-windows': [ '1.0.2' ],
137 silly audit   'js-sdsl': [ '4.3.0' ],
137 silly audit   'js-yaml': [ '3.14.1' ],
137 silly audit   'json-buffer': [ '3.0.1' ],
137 silly audit   'json-schema-traverse': [ '1.0.0' ],
137 silly audit   'json-stable-stringify-without-jsonify': [ '1.0.1' ],
137 silly audit   'json-stringify-safe': [ '5.0.1' ],
137 silly audit   jsonata: [ '1.8.6' ],
137 silly audit   jsonfile: [ '6.2.0' ],
137 silly audit   keyv: [ '4.5.4' ],
137 silly audit   leven: [ '2.1.0' ],
137 silly audit   'lodash.clonedeep': [ '4.5.0' ],
137 silly audit   'lowercase-keys': [ '2.0.0' ],
137 silly audit   'make-dir': [ '3.1.0' ],
137 silly audit   semver: [ '6.3.1', '7.3.5', '5.3.0' ],
137 silly audit   'media-typer': [ '1.1.0', '0.3.0' ],
137 silly audit   memorystore: [ '1.6.7' ],
137 silly audit   yallist: [ '2.1.2', '4.0.0' ],
137 silly audit   'merge-descriptors': [ '1.0.1' ],
137 silly audit   methods: [ '1.1.2' ],
137 silly audit   mime: [ '3.0.0', '1.6.0' ],
137 silly audit   'mime-db': [ '1.52.0' ],
137 silly audit   'mime-types': [ '2.1.35' ],
137 silly audit   minimatch: [ '3.1.2' ],
137 silly audit   minimist: [ '1.2.8' ],
137 silly audit   minipass: [ '3.3.6' ],
137 silly audit   minizlib: [ '2.1.2' ],
137 silly audit   mkdirp: [ '0.5.6', '1.0.4' ],
137 silly audit   moment: [ '2.30.1' ],
137 silly audit   'moment-timezone': [ '0.5.34' ],
137 silly audit   'mqtt-connection': [ '2.1.1' ],
137 silly audit   through2: [ '0.6.5', '2.0.5' ],
137 silly audit   multer: [ '1.4.4' ],
137 silly audit   mustache: [ '4.2.0' ],
137 silly audit   'mute-stream': [ '0.0.8' ],
137 silly audit   negotiator: [ '0.6.3' ],
137 silly audit   'node-addon-api': [ '3.2.1' ],
137 silly audit   'node-fetch': [ '2.7.0' ],
137 silly audit   'node-red': [ '2.2.3' ],
137 silly audit   'node-red-admin': [ '2.2.4' ],
137 silly audit   'node-red-contrib-email': [ '0.3.1' ],
137 silly audit   'node-red-contrib-email-dynamic': [ '1.0.1' ],
137 silly audit   'node-red-contrib-mqtt-dynamic': [ '1.0.9' ],
137 silly audit   pump: [ '1.0.3', '3.0.3', '2.0.1' ],
137 silly audit   ultron: [ '1.0.2' ],
137 silly audit   'websocket-stream': [ '3.3.3' ],
137 silly audit   'node-red-contrib-mqtt-gem': [ '1.0.0' ],
137 silly audit   'node-red-node-email': [ '3.1.0' ],
137 silly audit   nodemailer: [ '6.10.1', '7.0.4', '7.0.5', '7.0.3' ],
137 silly audit   'safer-buffer': [ '2.1.2' ],
137 silly audit   nopt: [ '5.0.0' ],
137 silly audit   'normalize-url': [ '6.1.0' ],
137 silly audit   npmlog: [ '5.0.1' ],
137 silly audit   'nth-check': [ '2.1.1' ],
137 silly audit   'number-allocator': [ '1.0.14' ],
137 silly audit   oauth2orize: [ '1.11.1' ],
137 silly audit   'object-assign': [ '4.1.1' ],
137 silly audit   'on-finished': [ '2.3.0' ],
137 silly audit   'on-headers': [ '1.0.2' ],
137 silly audit   once: [ '1.4.0' ],
137 silly audit   options: [ '0.0.6' ],
137 silly audit   'ordered-read-streams': [ '1.0.1' ],
137 silly audit   'p-cancelable': [ '2.1.1' ],
137 silly audit   parse5: [ '6.0.1' ],
137 silly audit   'parse5-htmlparser2-tree-adapter': [ '6.0.1' ],
137 silly audit   parseurl: [ '1.3.3' ],
137 silly audit   passport: [ '0.5.2' ],
137 silly audit   'passport-http-bearer': [ '1.0.1' ],
137 silly audit   'passport-oauth2-client-password': [ '0.1.2' ],
137 silly audit   'passport-strategy': [ '1.0.0' ],
137 silly audit   'path-dirname': [ '1.0.2' ],
137 silly audit   'path-is-absolute': [ '1.0.1' ],
137 silly audit   'path-to-regexp': [ '0.1.7' ],
137 silly audit   pause: [ '0.0.1' ],
137 silly audit   'process-nextick-args': [ '2.0.1' ],
137 silly audit   'proxy-addr': [ '2.0.7' ],
137 silly audit   pseudomap: [ '1.0.2' ],
137 silly audit   psl: [ '1.15.0' ],
137 silly audit   punycode: [ '2.3.1' ],
137 silly audit   pumpify: [ '1.5.1' ],
137 silly audit   'quick-lru': [ '5.1.1' ],
137 silly audit   'random-bytes': [ '1.0.0' ],
137 silly audit   'range-parser': [ '1.2.1' ],
137 silly audit   read: [ '1.0.7' ],
137 silly audit   reduplexer: [ '1.1.0' ],
137 silly audit   reinterval: [ '1.1.0' ],
137 silly audit   'remove-trailing-separator': [ '1.1.0' ],
137 silly audit   'require-from-string': [ '2.0.2' ],
137 silly audit   'resolve-alpn': [ '1.2.1' ],
137 silly audit   responselike: [ '2.0.1' ],
137 silly audit   retry: [ '0.6.1' ],
137 silly audit   rfdc: [ '1.4.1' ],
137 silly audit   rimraf: [ '3.0.2' ],
137 silly audit   sax: [ '1.4.1' ],
137 silly audit   send: [ '0.17.2' ],
137 silly audit   'serve-static': [ '1.14.2' ],
137 silly audit   'set-blocking': [ '2.0.0' ],
137 silly audit   setprototypeof: [ '1.2.0' ],
137 silly audit   'signal-exit': [ '3.0.7' ],
137 silly audit   'smart-buffer': [ '4.2.0' ],
137 silly audit   socks: [ '2.8.7' ],
137 silly audit   'sprintf-js': [ '1.0.3' ],
137 silly audit   statuses: [ '1.5.0' ],
137 silly audit   'stream-shift': [ '1.0.3' ],
137 silly audit   streamsearch: [ '0.1.2' ],
137 silly audit   'string-width': [ '4.2.3' ],
137 silly audit   'strip-ansi': [ '6.0.1' ],
137 silly audit   tar: [ '6.1.11' ],
137 silly audit   'through2-filter': [ '3.0.0' ],
137 silly audit   'to-absolute-glob': [ '2.0.2' ],
137 silly audit   toidentifier: [ '1.0.1' ],
137 silly audit   'tough-cookie': [ '4.0.0' ],
137 silly audit   universalify: [ '0.1.2', '2.0.1' ],
137 silly audit   tr46: [ '0.0.3' ],
137 silly audit   tslib: [ '2.8.1' ],
137 silly audit   'type-is': [ '1.6.18' ],
137 silly audit   typedarray: [ '0.0.6' ],
137 silly audit   'uglify-js': [ '3.15.1' ],
137 silly audit   'uid-safe': [ '2.1.5' ],
137 silly audit   uid2: [ '0.0.4' ],
137 silly audit   'unc-path-regex': [ '0.1.2' ],
137 silly audit   'undici-types': [ '7.16.0' ],
137 silly audit   'unique-stream': [ '2.3.1' ],
137 silly audit   unpipe: [ '1.0.0' ],
137 silly audit   'uri-js': [ '4.4.1' ],
137 silly audit   'util-deprecate': [ '1.0.2' ],
137 silly audit   'utils-merge': [ '1.0.1' ],
137 silly audit   uuid: [ '8.3.2' ],
137 silly audit   vary: [ '1.1.2' ],
137 silly audit   'webidl-conversions': [ '3.0.1' ],
137 silly audit   'whatwg-url': [ '5.0.0' ],
137 silly audit   'wide-align': [ '1.1.5' ],
137 silly audit   'worker-factory': [ '7.0.46' ],
137 silly audit   'worker-timers': [ '8.0.25' ],
137 silly audit   'worker-timers-broker': [ '8.0.11' ],
137 silly audit   'worker-timers-worker': [ '9.0.11' ],
137 silly audit   wrappy: [ '1.0.2' ],
137 silly audit   xml2js: [ '0.4.23' ],
137 silly audit   xmlbuilder: [ '11.0.1' ],
137 silly audit   xtend: [ '4.0.2' ],
137 silly audit   'abort-controller': [ '3.0.0' ],
137 silly audit   events: [ '3.3.0' ],
137 silly audit   process: [ '0.11.10' ],
137 silly audit   'event-target-shim': [ '5.0.1' ],
137 silly audit   '@selderee/plugin-htmlparser2': [ '0.11.0' ],
137 silly audit   'base32.js': [ '0.1.0' ],
137 silly audit   deepmerge: [ '4.3.1' ],
137 silly audit   'encoding-japanese': [ '2.2.0' ],
137 silly audit   he: [ '1.2.0' ],
137 silly audit   'html-to-text': [ '9.0.5' ],
137 silly audit   imap: [ '0.8.19' ],
137 silly audit   'ipv6-normalize': [ '1.0.1' ],
137 silly audit   leac: [ '0.6.0' ],
137 silly audit   libbase64: [ '1.3.0' ],
137 silly audit   libmime: [ '5.3.7' ],
137 silly audit   libqp: [ '2.1.1' ],
137 silly audit   'linkify-it': [ '5.0.0' ],
137 silly audit   mailparser: [ '3.7.4' ],
137 silly audit   mailsplit: [ '5.4.5' ],
137 silly audit   'node-pop3': [ '0.9.1' ],
137 silly audit   parseley: [ '0.12.1' ],
137 silly audit   peberminta: [ '0.9.0' ],
137 silly audit   'punycode.js': [ '2.3.1' ],
137 silly audit   selderee: [ '0.11.0' ],
137 silly audit   'smtp-server': [ '3.14.0' ],
137 silly audit   tlds: [ '1.259.0' ],
137 silly audit   'uc.micro': [ '2.1.0' ],
137 silly audit   utf7: [ '1.0.2' ]
137 silly audit }
138 http fetch POST 200 https://registry.npmjs.org/-/npm/v1/security/advisories/bulk 341ms
139 silly audit report {
139 silly audit report   ws: [
139 silly audit report     {
139 silly audit report       id: 1098393,
139 silly audit report       url: 'https://github.com/advisories/GHSA-3h5v-q93c-6h6q',
139 silly audit report       title: 'ws affected by a DoS when handling a request with many HTTP headers',
139 silly audit report       severity: 'high',
139 silly audit report       vulnerable_versions: '>=7.0.0 <7.5.10',
139 silly audit report       cwe: [Array],
139 silly audit report       cvss: [Object]
139 silly audit report     }
139 silly audit report   ],
139 silly audit report   axios: [
139 silly audit report     {
139 silly audit report       id: 1103617,
139 silly audit report       url: 'https://github.com/advisories/GHSA-jr5f-v2jv-69x6',
139 silly audit report       title: 'axios Requests Vulnerable To Possible SSRF and Credential Leakage via Absolute URL',
139 silly audit report       severity: 'high',
139 silly audit report       vulnerable_versions: '<0.30.0',
139 silly audit report       cwe: [Array],
139 silly audit report       cvss: [Object]
139 silly audit report     },
139 silly audit report     {
139 silly audit report       id: 1108262,
139 silly audit report       url: 'https://github.com/advisories/GHSA-4hjh-wcwx-xvwj',
139 silly audit report       title: 'Axios is vulnerable to DoS attack through lack of data size check',
139 silly audit report       severity: 'high',
139 silly audit report       vulnerable_versions: '<0.30.2',
139 silly audit report       cwe: [Array],
139 silly audit report       cvss: [Object]
139 silly audit report     },
139 silly audit report     {
139 silly audit report       id: 1097679,
139 silly audit report       url: 'https://github.com/advisories/GHSA-wf5p-g6vw-rhxx',
139 silly audit report       title: 'Axios Cross-Site Request Forgery Vulnerability',
139 silly audit report       severity: 'moderate',
139 silly audit report       vulnerable_versions: '>=0.8.1 <0.28.0',
139 silly audit report       cwe: [Array],
139 silly audit report       cvss: [Object]
139 silly audit report     }
139 silly audit report   ],
139 silly audit report   'body-parser': [
139 silly audit report     {
139 silly audit report       id: 1099520,
139 silly audit report       url: 'https://github.com/advisories/GHSA-qwcr-r2fm-qrc7',
139 silly audit report       title: 'body-parser vulnerable to denial of service when url encoding is enabled',
139 silly audit report       severity: 'high',
139 silly audit report       vulnerable_versions: '<1.20.3',
139 silly audit report       cwe: [Array],
139 silly audit report       cvss: [Object]
139 silly audit report     }
139 silly audit report   ],
139 silly audit report   qs: [
139 silly audit report     {
139 silly audit report       id: 1104122,
139 silly audit report       url: 'https://github.com/advisories/GHSA-hrpp-h998-j3pp',
139 silly audit report       title: 'qs vulnerable to Prototype Pollution',
139 silly audit report       severity: 'high',
139 silly audit report       vulnerable_versions: '>=6.9.0 <6.9.7',
139 silly audit report       cwe: [Array],
139 silly audit report       cvss: [Object]
139 silly audit report     }
139 silly audit report   ],
139 silly audit report   cookie: [
139 silly audit report     {
139 silly audit report       id: 1103907,
139 silly audit report       url: 'https://github.com/advisories/GHSA-pxg6-pf52-xh8x',
139 silly audit report       title: 'cookie accepts cookie name, path, and domain with out of bounds characters',
139 silly audit report       severity: 'low',
139 silly audit report       vulnerable_versions: '<0.7.0',
139 silly audit report       cwe: [Array],
139 silly audit report       cvss: [Object]
139 silly audit report     }
139 silly audit report   ],
139 silly audit report   dicer: [
139 silly audit report     {
139 silly audit report       id: 1093150,
139 silly audit report       url: 'https://github.com/advisories/GHSA-wm7h-9275-46v2',
139 silly audit report       title: 'Crash in HeaderParser in dicer',
139 silly audit report       severity: 'high',
139 silly audit report       vulnerable_versions: '<=0.3.1',
139 silly audit report       cwe: [Array],
139 silly audit report       cvss: [Object]
139 silly audit report     }
139 silly audit report   ],
139 silly audit report   express: [
139 silly audit report     {
139 silly audit report       id: 1100530,
139 silly audit report       url: 'https://github.com/advisories/GHSA-qw6h-vgh9-j6wx',
139 silly audit report       title: 'express vulnerable to XSS via response.redirect()',
139 silly audit report       severity: 'low',
139 silly audit report       vulnerable_versions: '<4.20.0',
139 silly audit report       cwe: [Array],
139 silly audit report       cvss: [Object]
139 silly audit report     },
139 silly audit report     {
139 silly audit report       id: 1096820,
139 silly audit report       url: 'https://github.com/advisories/GHSA-rv95-896h-c2vc',
139 silly audit report       title: 'Express.js Open Redirect in malformed URLs',
139 silly audit report       severity: 'moderate',
139 silly audit report       vulnerable_versions: '<4.19.2',
139 silly audit report       cwe: [Array],
139 silly audit report       cvss: [Object]
139 silly audit report     }
139 silly audit report   ],
139 silly audit report   'form-data': [
139 silly audit report     {
139 silly audit report       id: 1106507,
139 silly audit report       url: 'https://github.com/advisories/GHSA-fjxv-7rqg-78g4',
139 silly audit report       title: 'form-data uses unsafe random function in form-data for choosing boundary',
139 silly audit report       severity: 'critical',
139 silly audit report       vulnerable_versions: '>=4.0.0 <4.0.4',
139 silly audit report       cwe: [Array],
139 silly audit report       cvss: [Object]
139 silly audit report     }
139 silly audit report   ],
139 silly audit report   got: [
139 silly audit report     {
139 silly audit report       id: 1088948,
139 silly audit report       url: 'https://github.com/advisories/GHSA-pfrx-2q88-qq97',
139 silly audit report       title: 'Got allows a redirect to a UNIX socket',
139 silly audit report       severity: 'moderate',
139 silly audit report       vulnerable_versions: '<11.8.5',
139 silly audit report       cwe: [],
139 silly audit report       cvss: [Object]
139 silly audit report     }
139 silly audit report   ],
139 silly audit report   jsonata: [
139 silly audit report     {
139 silly audit report       id: 1096642,
139 silly audit report       url: 'https://github.com/advisories/GHSA-fqg8-vfv7-8fj8',
139 silly audit report       title: 'JSONata expression can pollute the "Object" prototype',
139 silly audit report       severity: 'critical',
139 silly audit report       vulnerable_versions: '>=1.4.0 <1.8.7',
139 silly audit report       cwe: [Array],
139 silly audit report       cvss: [Object]
139 silly audit report     }
139 silly audit report   ],
139 silly audit report   semver: [
139 silly audit report     {
139 silly audit report       id: 1101088,
139 silly audit report       url: 'https://github.com/advisories/GHSA-c2qf-rxjj-qqgw',
139 silly audit report       title: 'semver vulnerable to Regular Expression Denial of Service',
139 silly audit report       severity: 'high',
139 silly audit report       vulnerable_versions: '>=7.0.0 <7.5.2',
139 silly audit report       cwe: [Array],
139 silly audit report       cvss: [Object]
139 silly audit report     },
139 silly audit report     {
139 silly audit report       id: 1101089,
139 silly audit report       url: 'https://github.com/advisories/GHSA-c2qf-rxjj-qqgw',
139 silly audit report       title: 'semver vulnerable to Regular Expression Denial of Service',
139 silly audit report       severity: 'high',
139 silly audit report       vulnerable_versions: '<5.7.2',
139 silly audit report       cwe: [Array],
139 silly audit report       cvss: [Object]
139 silly audit report     }
139 silly audit report   ],
139 silly audit report   'moment-timezone': [
139 silly audit report     {
139 silly audit report       id: 1088402,
139 silly audit report       url: 'https://github.com/advisories/GHSA-56x4-j7p9-fcf9',
139 silly audit report       title: 'Command Injection in moment-timezone',
139 silly audit report       severity: 'low',
139 silly audit report       vulnerable_versions: '>=0.1.0 <0.5.35',
139 silly audit report       cwe: [],
139 silly audit report       cvss: [Object]
139 silly audit report     },
139 silly audit report     {
139 silly audit report       id: 1088403,
139 silly audit report       url: 'https://github.com/advisories/GHSA-v78c-4p63-2j6c',
139 silly audit report       title: 'Cleartext Transmission of Sensitive Information in moment-timezone',
139 silly audit report       severity: 'moderate',
139 silly audit report       vulnerable_versions: '>=0.1.0 <0.5.35',
139 silly audit report       cwe: [Array],
139 silly audit report       cvss: [Object]
139 silly audit report     }
139 silly audit report   ],
139 silly audit report   multer: [
139 silly audit report     {
139 silly audit report       id: 1104780,
139 silly audit report       url: 'https://github.com/advisories/GHSA-4pg4-qvpc-4q3h',
139 silly audit report       title: 'Multer vulnerable to Denial of Service from maliciously crafted requests',
139 silly audit report       severity: 'high',
139 silly audit report       vulnerable_versions: '>=1.4.4-lts.1 <2.0.0',
139 silly audit report       cwe: [Array],
139 silly audit report       cvss: [Object]
139 silly audit report     },
139 silly audit report     {
139 silly audit report       id: 1105262,
139 silly audit report       url: 'https://github.com/advisories/GHSA-g5hg-p3ph-g8qg',
139 silly audit report       title: 'Multer vulnerable to Denial of Service via unhandled exception',
139 silly audit report       severity: 'high',
139 silly audit report       vulnerable_versions: '>=1.4.4-lts.1 <2.0.1',
139 silly audit report       cwe: [Array],
139 silly audit report       cvss: [Object]
139 silly audit report     },
139 silly audit report     {
139 silly audit report       id: 1105267,
139 silly audit report       url: 'https://github.com/advisories/GHSA-44fp-w29j-9vj5',
139 silly audit report       title: 'Multer vulnerable to Denial of Service via memory leaks from unclosed streams',
139 silly audit report       severity: 'high',
139 silly audit report       vulnerable_versions: '<2.0.0',
139 silly audit report       cwe: [Array],
139 silly audit report       cvss: [Object]
139 silly audit report     },
139 silly audit report     {
139 silly audit report       id: 1106463,
139 silly audit report       url: 'https://github.com/advisories/GHSA-fjgf-rc76-4x9p',
139 silly audit report       title: 'Multer vulnerable to Denial of Service via unhandled exception from malformed request',
139 silly audit report       severity: 'high',
139 silly audit report       vulnerable_versions: '>=1.4.4-lts.1 <2.0.2',
139 silly audit report       cwe: [Array],
139 silly audit report       cvss: [Object]
139 silly audit report     }
139 silly audit report   ],
139 silly audit report   nodemailer: [
139 silly audit report     {
139 silly audit report       id: 1108571,
139 silly audit report       url: 'https://github.com/advisories/GHSA-mm7p-fcc7-pg87',
139 silly audit report       title: 'Nodemailer: Email to an unintended domain can occur due to Interpretation Conflict',
139 silly audit report       severity: 'moderate',
139 silly audit report       vulnerable_versions: '<7.0.7',
139 silly audit report       cwe: [Array],
139 silly audit report       cvss: [Object]
139 silly audit report     }
139 silly audit report   ],
139 silly audit report   'on-headers': [
139 silly audit report     {
139 silly audit report       id: 1106812,
139 silly audit report       url: 'https://github.com/advisories/GHSA-76c9-3jph-rj3q',
139 silly audit report       title: 'on-headers is vulnerable to http response header manipulation',
139 silly audit report       severity: 'low',
139 silly audit report       vulnerable_versions: '<1.1.0',
139 silly audit report       cwe: [Array],
139 silly audit report       cvss: [Object]
139 silly audit report     }
139 silly audit report   ],
139 silly audit report   passport: [
139 silly audit report     {
139 silly audit report       id: 1093639,
139 silly audit report       url: 'https://github.com/advisories/GHSA-v923-w3x8-wh69',
139 silly audit report       title: 'Passport vulnerable to session regeneration when a users logs in or out',
139 silly audit report       severity: 'moderate',
139 silly audit report       vulnerable_versions: '<0.6.0',
139 silly audit report       cwe: [Array],
139 silly audit report       cvss: [Object]
139 silly audit report     }
139 silly audit report   ],
139 silly audit report   'path-to-regexp': [
139 silly audit report     {
139 silly audit report       id: 1101850,
139 silly audit report       url: 'https://github.com/advisories/GHSA-9wv6-86v2-598j',
139 silly audit report       title: 'path-to-regexp outputs backtracking regular expressions',
139 silly audit report       severity: 'high',
139 silly audit report       vulnerable_versions: '<0.1.10',
139 silly audit report       cwe: [Array],
139 silly audit report       cvss: [Object]
139 silly audit report     },
139 silly audit report     {
139 silly audit report       id: 1105199,
139 silly audit report       url: 'https://github.com/advisories/GHSA-rhx6-c78j-4q9w',
139 silly audit report       title: 'path-to-regexp contains a ReDoS',
139 silly audit report       severity: 'high',
139 silly audit report       vulnerable_versions: '<0.1.12',
139 silly audit report       cwe: [Array],
139 silly audit report       cvss: [Object]
139 silly audit report     }
139 silly audit report   ],
139 silly audit report   send: [
139 silly audit report     {
139 silly audit report       id: 1100526,
139 silly audit report       url: 'https://github.com/advisories/GHSA-m6fv-jmcg-4jfg',
139 silly audit report       title: 'send vulnerable to template injection that can lead to XSS',
139 silly audit report       severity: 'low',
139 silly audit report       vulnerable_versions: '<0.19.0',
139 silly audit report       cwe: [Array],
139 silly audit report       cvss: [Object]
139 silly audit report     }
139 silly audit report   ],
139 silly audit report   'serve-static': [
139 silly audit report     {
139 silly audit report       id: 1100528,
139 silly audit report       url: 'https://github.com/advisories/GHSA-cm22-4g7w-348p',
139 silly audit report       title: 'serve-static vulnerable to template injection that can lead to XSS',
139 silly audit report       severity: 'low',
139 silly audit report       vulnerable_versions: '<1.16.0',
139 silly audit report       cwe: [Array],
139 silly audit report       cvss: [Object]
139 silly audit report     }
139 silly audit report   ],
139 silly audit report   tar: [
139 silly audit report     {
139 silly audit report       id: 1097493,
139 silly audit report       url: 'https://github.com/advisories/GHSA-f5x3-32g6-xq36',
139 silly audit report       title: 'Denial of service while parsing a tar file due to lack of folders count validation',
139 silly audit report       severity: 'moderate',
139 silly audit report       vulnerable_versions: '<6.2.1',
139 silly audit report       cwe: [Array],
139 silly audit report       cvss: [Object]
139 silly audit report     }
139 silly audit report   ],
139 silly audit report   'tough-cookie': [
139 silly audit report     {
139 silly audit report       id: 1097682,
139 silly audit report       url: 'https://github.com/advisories/GHSA-72xf-g2v4-qvf3',
139 silly audit report       title: 'tough-cookie Prototype Pollution vulnerability',
139 silly audit report       severity: 'moderate',
139 silly audit report       vulnerable_versions: '<4.1.3',
139 silly audit report       cwe: [Array],
139 silly audit report       cvss: [Object]
139 silly audit report     }
139 silly audit report   ],
139 silly audit report   xml2js: [
139 silly audit report     {
139 silly audit report       id: 1096693,
139 silly audit report       url: 'https://github.com/advisories/GHSA-776f-qx25-q3cc',
139 silly audit report       title: 'xml2js is vulnerable to prototype pollution',
139 silly audit report       severity: 'moderate',
139 silly audit report       vulnerable_versions: '<0.5.0',
139 silly audit report       cwe: [Array],
139 silly audit report       cvss: [Object]
139 silly audit report     }
139 silly audit report   ]
139 silly audit report }
140 silly packumentCache corgi:https://registry.npmjs.org/ws cache-miss
141 silly packumentCache corgi:https://registry.npmjs.org/axios cache-miss
142 silly packumentCache corgi:https://registry.npmjs.org/body-parser cache-miss
143 silly packumentCache corgi:https://registry.npmjs.org/qs cache-miss
144 silly packumentCache corgi:https://registry.npmjs.org/cookie cache-miss
145 silly packumentCache corgi:https://registry.npmjs.org/dicer cache-miss
146 silly packumentCache corgi:https://registry.npmjs.org/express cache-miss
147 silly packumentCache corgi:https://registry.npmjs.org/form-data cache-miss
148 silly packumentCache corgi:https://registry.npmjs.org/got cache-miss
149 silly packumentCache corgi:https://registry.npmjs.org/jsonata cache-miss
150 silly packumentCache corgi:https://registry.npmjs.org/semver cache-miss
151 silly packumentCache corgi:https://registry.npmjs.org/moment-timezone cache-miss
152 silly packumentCache corgi:https://registry.npmjs.org/multer cache-miss
153 silly packumentCache corgi:https://registry.npmjs.org/nodemailer cache-miss
154 silly packumentCache corgi:https://registry.npmjs.org/on-headers cache-miss
155 silly packumentCache corgi:https://registry.npmjs.org/passport cache-miss
156 silly packumentCache corgi:https://registry.npmjs.org/path-to-regexp cache-miss
157 silly packumentCache corgi:https://registry.npmjs.org/send cache-miss
158 silly packumentCache corgi:https://registry.npmjs.org/serve-static cache-miss
159 silly packumentCache corgi:https://registry.npmjs.org/tar cache-miss
160 silly packumentCache corgi:https://registry.npmjs.org/tough-cookie cache-miss
161 silly packumentCache corgi:https://registry.npmjs.org/xml2js cache-miss
162 http fetch GET 200 https://registry.npmjs.org/axios 1060ms (cache revalidated)
163 silly packumentCache corgi:https://registry.npmjs.org/axios set size:255651 disposed:false
164 http fetch GET 200 https://registry.npmjs.org/on-headers 1068ms (cache revalidated)
165 silly packumentCache corgi:https://registry.npmjs.org/on-headers set size:4386 disposed:false
166 http fetch GET 200 https://registry.npmjs.org/form-data 1128ms (cache revalidated)
167 silly packumentCache corgi:https://registry.npmjs.org/form-data set size:50252 disposed:false
168 http fetch GET 200 https://registry.npmjs.org/dicer 1248ms (cache miss)
169 silly packumentCache corgi:https://registry.npmjs.org/dicer set size:undefined disposed:false
170 http fetch GET 200 https://registry.npmjs.org/cookie 1295ms (cache miss)
171 silly packumentCache corgi:https://registry.npmjs.org/cookie set size:undefined disposed:false
172 http fetch GET 200 https://registry.npmjs.org/tough-cookie 1343ms (cache miss)
173 silly packumentCache corgi:https://registry.npmjs.org/tough-cookie set size:undefined disposed:false
174 http fetch GET 200 https://registry.npmjs.org/passport 1354ms (cache miss)
175 silly packumentCache corgi:https://registry.npmjs.org/passport set size:undefined disposed:false
176 http fetch GET 200 https://registry.npmjs.org/xml2js 1360ms (cache miss)
177 silly packumentCache corgi:https://registry.npmjs.org/xml2js set size:undefined disposed:false
178 http fetch GET 200 https://registry.npmjs.org/serve-static 1419ms (cache miss)
179 silly packumentCache corgi:https://registry.npmjs.org/serve-static set size:undefined disposed:false
180 http fetch GET 200 https://registry.npmjs.org/body-parser 1449ms (cache miss)
181 silly packumentCache corgi:https://registry.npmjs.org/body-parser set size:undefined disposed:false
182 http fetch GET 200 https://registry.npmjs.org/send 1435ms (cache miss)
183 silly packumentCache corgi:https://registry.npmjs.org/send set size:undefined disposed:false
184 http fetch GET 200 https://registry.npmjs.org/multer 1494ms (cache miss)
185 silly packumentCache corgi:https://registry.npmjs.org/multer set size:undefined disposed:false
186 http fetch GET 200 https://registry.npmjs.org/path-to-regexp 1527ms (cache miss)
187 silly packumentCache corgi:https://registry.npmjs.org/path-to-regexp set size:undefined disposed:false
188 http fetch GET 200 https://registry.npmjs.org/moment-timezone 1569ms (cache miss)
189 silly packumentCache corgi:https://registry.npmjs.org/moment-timezone set size:undefined disposed:false
190 http fetch GET 200 https://registry.npmjs.org/qs 1649ms (cache miss)
191 silly packumentCache corgi:https://registry.npmjs.org/qs set size:undefined disposed:false
192 http fetch GET 200 https://registry.npmjs.org/nodemailer 1642ms (cache miss)
193 silly packumentCache corgi:https://registry.npmjs.org/nodemailer set size:undefined disposed:false
194 http fetch GET 200 https://registry.npmjs.org/semver 1691ms (cache miss)
195 silly packumentCache corgi:https://registry.npmjs.org/semver set size:undefined disposed:false
196 http fetch GET 200 https://registry.npmjs.org/ws 1798ms (cache miss)
197 silly packumentCache corgi:https://registry.npmjs.org/ws set size:undefined disposed:false
198 http fetch GET 200 https://registry.npmjs.org/tar 1813ms (cache miss)
199 silly packumentCache corgi:https://registry.npmjs.org/tar set size:undefined disposed:false
200 http fetch GET 200 https://registry.npmjs.org/express 1845ms (cache miss)
201 silly packumentCache corgi:https://registry.npmjs.org/express set size:undefined disposed:false
202 http fetch GET 200 https://registry.npmjs.org/got 1867ms (cache miss)
203 silly packumentCache corgi:https://registry.npmjs.org/got set size:undefined disposed:false
204 http fetch GET 200 https://registry.npmjs.org/jsonata 1910ms (cache miss)
205 silly packumentCache corgi:https://registry.npmjs.org/jsonata set size:undefined disposed:false
206 silly packumentCache corgi:https://registry.npmjs.org/@node-red%2feditor-api cache-miss
207 silly packumentCache corgi:https://registry.npmjs.org/@node-red%2fnodes cache-miss
208 silly packumentCache corgi:https://registry.npmjs.org/mqtt cache-miss
209 http fetch GET 200 https://registry.npmjs.org/@node-red%2feditor-api 304ms (cache revalidated)
210 silly packumentCache corgi:https://registry.npmjs.org/@node-red%2feditor-api set size:194424 disposed:false
211 http fetch GET 200 https://registry.npmjs.org/@node-red%2fnodes 310ms (cache revalidated)
212 silly packumentCache corgi:https://registry.npmjs.org/@node-red%2fnodes set size:203358 disposed:false
213 http fetch GET 200 https://registry.npmjs.org/mqtt 430ms (cache miss)
214 silly packumentCache corgi:https://registry.npmjs.org/mqtt set size:undefined disposed:false
215 silly packumentCache corgi:https://registry.npmjs.org/node-red-admin cache-miss
216 http fetch GET 200 https://registry.npmjs.org/node-red-admin 1030ms (cache revalidated)
217 silly packumentCache corgi:https://registry.npmjs.org/node-red-admin set size:46771 disposed:false
218 silly packumentCache corgi:https://registry.npmjs.org/cookie-parser cache-miss
219 silly packumentCache corgi:https://registry.npmjs.org/express-session cache-miss
220 http fetch GET 200 https://registry.npmjs.org/express-session 133ms (cache revalidated)
221 silly packumentCache corgi:https://registry.npmjs.org/express-session set size:62752 disposed:false
222 http fetch GET 200 https://registry.npmjs.org/cookie-parser 147ms (cache miss)
223 silly packumentCache corgi:https://registry.npmjs.org/cookie-parser set size:undefined disposed:false
224 silly packumentCache corgi:https://registry.npmjs.org/busboy cache-miss
225 http fetch GET 200 https://registry.npmjs.org/busboy 126ms (cache miss)
226 silly packumentCache corgi:https://registry.npmjs.org/busboy set size:undefined disposed:false
227 silly packumentCache corgi:https://registry.npmjs.org/@node-red%2fruntime cache-miss
228 silly packumentCache corgi:https://registry.npmjs.org/node-red cache-miss
229 http fetch GET 200 https://registry.npmjs.org/node-red 124ms (cache revalidated)
230 silly packumentCache corgi:https://registry.npmjs.org/node-red set size:325129 disposed:false
231 http fetch GET 200 https://registry.npmjs.org/@node-red%2fruntime 191ms (cache miss)
232 silly packumentCache corgi:https://registry.npmjs.org/@node-red%2fruntime set size:undefined disposed:false
233 silly packumentCache corgi:https://registry.npmjs.org/@node-red%2futil cache-miss
234 http fetch GET 200 https://registry.npmjs.org/@node-red%2futil 237ms (cache miss)
235 silly packumentCache corgi:https://registry.npmjs.org/@node-red%2futil set size:undefined disposed:false
236 silly packumentCache corgi:https://registry.npmjs.org/@mapbox%2fnode-pre-gyp cache-miss
237 silly packumentCache corgi:https://registry.npmjs.org/@node-red%2fregistry cache-miss
238 http fetch GET 200 https://registry.npmjs.org/@node-red%2fregistry 178ms (cache miss)
239 silly packumentCache corgi:https://registry.npmjs.org/@node-red%2fregistry set size:undefined disposed:false
240 http fetch GET 200 https://registry.npmjs.org/@mapbox%2fnode-pre-gyp 196ms (cache miss)
241 silly packumentCache corgi:https://registry.npmjs.org/@mapbox%2fnode-pre-gyp set size:undefined disposed:false
242 silly packumentCache corgi:https://registry.npmjs.org/utf7 cache-miss
243 http fetch GET 200 https://registry.npmjs.org/utf7 83ms (cache miss)
244 silly packumentCache corgi:https://registry.npmjs.org/utf7 set size:undefined disposed:false
245 silly packumentCache corgi:https://registry.npmjs.org/node-red-contrib-email cache-miss
246 silly packumentCache corgi:https://registry.npmjs.org/node-red-contrib-email-dynamic cache-miss
247 silly packumentCache corgi:https://registry.npmjs.org/mailparser cache-miss
248 silly packumentCache corgi:https://registry.npmjs.org/node-red-node-email cache-miss
249 silly packumentCache corgi:https://registry.npmjs.org/smtp-server cache-miss
250 http fetch GET 200 https://registry.npmjs.org/mailparser 93ms (cache miss)
251 silly packumentCache corgi:https://registry.npmjs.org/mailparser set size:undefined disposed:false
252 http fetch GET 200 https://registry.npmjs.org/smtp-server 151ms (cache miss)
253 silly packumentCache corgi:https://registry.npmjs.org/smtp-server set size:undefined disposed:false
254 http fetch GET 200 https://registry.npmjs.org/node-red-contrib-email-dynamic 674ms (cache miss)
255 silly packumentCache corgi:https://registry.npmjs.org/node-red-contrib-email-dynamic set size:undefined disposed:false
256 http fetch GET 200 https://registry.npmjs.org/node-red-contrib-email 744ms (cache miss)
257 silly packumentCache corgi:https://registry.npmjs.org/node-red-contrib-email set size:undefined disposed:false
258 http fetch GET 200 https://registry.npmjs.org/node-red-node-email 772ms (cache miss)
259 silly packumentCache corgi:https://registry.npmjs.org/node-red-node-email set size:undefined disposed:false
260 silly packumentCache corgi:https://registry.npmjs.org/imap cache-miss
261 http fetch GET 200 https://registry.npmjs.org/imap 134ms (cache miss)
262 silly packumentCache corgi:https://registry.npmjs.org/imap set size:undefined disposed:false
263 silly ADD node_modules/ws
264 silly ADD node_modules/debug
265 silly ADD node_modules/mqtt
266 silly ADD node_modules/mqtt/node_modules/safe-buffer
267 silly ADD node_modules/mqtt/node_modules/string_decoder
268 silly ADD node_modules/mqtt/node_modules/buffer
269 silly ADD node_modules/mqtt/node_modules/bl
270 silly ADD node_modules/mqtt/node_modules/split2
271 silly ADD node_modules/mqtt/node_modules/readable-stream
272 silly ADD node_modules/mqtt/node_modules/mqtt-packet
273 silly ADD node_modules/mqtt/node_modules/lru-cache
274 silly ADD node_modules/mqtt/node_modules/help-me
275 silly ADD node_modules/mqtt/node_modules/concat-stream
276 silly ADD node_modules/mqtt/node_modules/concat-stream/node_modules/readable-stream
277 silly ADD node_modules/mqtt/node_modules/commist
278 silly REMOVE node_modules/number-allocator/node_modules/debug
279 silly REMOVE node_modules/node-red-contrib-mqtt-gem/node_modules/debug
280 silly REMOVE node_modules/mqtt-packet/node_modules/debug
281 silly REMOVE node_modules/memorystore/node_modules/debug
282 silly REMOVE node_modules/@node-red/nodes/node_modules/debug
283 silly REMOVE node_modules/@mapbox/node-pre-gyp/node_modules/debug
284 silly REMOVE node_modules/@arifhosan/node-red-contrib-mqtt-auto/node_modules/ws
285 silly REMOVE node_modules/@arifhosan/node-red-contrib-mqtt-auto/node_modules/string_decoder
286 silly REMOVE node_modules/@arifhosan/node-red-contrib-mqtt-auto/node_modules/split2
287 silly REMOVE node_modules/@arifhosan/node-red-contrib-mqtt-auto/node_modules/safe-buffer
288 silly REMOVE node_modules/@arifhosan/node-red-contrib-mqtt-auto/node_modules/readable-stream
289 silly REMOVE node_modules/@arifhosan/node-red-contrib-mqtt-auto/node_modules/mqtt-packet
290 silly REMOVE node_modules/@arifhosan/node-red-contrib-mqtt-auto/node_modules/mqtt
291 silly REMOVE node_modules/@arifhosan/node-red-contrib-mqtt-auto/node_modules/lru-cache
292 silly REMOVE node_modules/@arifhosan/node-red-contrib-mqtt-auto/node_modules/help-me
293 silly REMOVE node_modules/@arifhosan/node-red-contrib-mqtt-auto/node_modules/debug
294 silly REMOVE node_modules/@arifhosan/node-red-contrib-mqtt-auto/node_modules/concat-stream
295 silly REMOVE node_modules/@arifhosan/node-red-contrib-mqtt-auto/node_modules/concat-stream/node_modules/readable-stream
296 silly REMOVE node_modules/@arifhosan/node-red-contrib-mqtt-auto/node_modules/commist
297 silly REMOVE node_modules/@arifhosan/node-red-contrib-mqtt-auto/node_modules/buffer
298 silly REMOVE node_modules/@arifhosan/node-red-contrib-mqtt-auto/node_modules/bl
299 verbose cwd /data
300 verbose os Linux 6.6.87.2-microsoft-standard-WSL2
301 verbose node v20.19.0
302 verbose npm  v10.8.2
303 verbose exit 0
304 info ok
