0 verbose cli /usr/local/bin/node /usr/local/bin/npm
1 info using npm@10.8.2
2 info using node@v20.19.0
3 silly config load:file:/usr/local/lib/node_modules/npm/npmrc
4 silly config load:file:/data/.npmrc
5 silly config load:file:/usr/src/node-red/.npmrc
6 silly config load:file:/usr/local/etc/npmrc
7 verbose title npm install simpleParser
8 verbose argv "install" "--omit" "dev" "--engine-strict" "simpleParser"
9 verbose logfile logs-max:10 dir:/data/.npm/_logs/2025-11-20T13_35_17_385Z-
10 verbose logfile /data/.npm/_logs/2025-11-20T13_35_17_385Z-debug-0.log
11 silly packumentCache heap:2197815296 maxSize:549453824 maxEntrySize:274726912
12 silly logfile start cleaning logs, removing 1 files
13 silly logfile done cleaning log files
14 silly idealTree buildDeps
15 silly fetch manifest simpleParser@*
16 silly packumentCache full:https://registry.npmjs.org/simpleParser cache-miss
17 http fetch GET 404 https://registry.npmjs.org/simpleParser 767ms (cache skip)
18 silly placeDep ROOT simpleParser@ OK for: node-red-project@0.0.1 want: *
19 verbose stack HttpErrorGeneral: 404 Not Found - GET https://registry.npmjs.org/simpleParser - Not found
19 verbose stack     at /usr/local/lib/node_modules/npm/node_modules/npm-registry-fetch/lib/check-response.js:95:15
19 verbose stack     at process.processTicksAndRejections (node:internal/process/task_queues:95:5)
19 verbose stack     at async RegistryFetcher.packument (/usr/local/lib/node_modules/npm/node_modules/pacote/lib/registry.js:90:19)
19 verbose stack     at async RegistryFetcher.manifest (/usr/local/lib/node_modules/npm/node_modules/pacote/lib/registry.js:128:23)
19 verbose stack     at async #fetchManifest (/usr/local/lib/node_modules/npm/node_modules/@npmcli/arborist/lib/arborist/build-ideal-tree.js:1199:20)
19 verbose stack     at async #nodeFromEdge (/usr/local/lib/node_modules/npm/node_modules/@npmcli/arborist/lib/arborist/build-ideal-tree.js:1037:19)
19 verbose stack     at async #buildDepStep (/usr/local/lib/node_modules/npm/node_modules/@npmcli/arborist/lib/arborist/build-ideal-tree.js:901:11)
19 verbose stack     at async Arborist.buildIdealTree (/usr/local/lib/node_modules/npm/node_modules/@npmcli/arborist/lib/arborist/build-ideal-tree.js:181:7)
19 verbose stack     at async Promise.all (index 1)
19 verbose stack     at async Arborist.reify (/usr/local/lib/node_modules/npm/node_modules/@npmcli/arborist/lib/arborist/reify.js:131:5)
20 verbose statusCode 404
21 verbose pkgid simpleParser@*
22 error code E404
23 error 404 Not Found - GET https://registry.npmjs.org/simpleParser - Not found
24 error 404
25 error 404  'simpleParser@*' is not in this registry.
26 error 404 This package name is not valid, because 
27 error 404  1. name can no longer contain capital letters
28 error 404
29 error 404 Note that you can also install from a
30 error 404 tarball, folder, http url, or git url.
31 silly unfinished npm timer reify 1763645717847
32 silly unfinished npm timer reify:loadTrees 1763645717853
33 verbose cwd /data
34 verbose os Linux 6.6.87.2-microsoft-standard-WSL2
35 verbose node v20.19.0
36 verbose npm  v10.8.2
37 verbose exit 1
38 verbose code 1
39 error A complete log of this run can be found in: /data/.npm/_logs/2025-11-20T13_35_17_385Z-debug-0.log
