0 verbose cli /usr/local/bin/node /usr/local/bin/npm
1 info using npm@10.8.2
2 info using node@v20.19.0
3 silly config load:file:/usr/local/lib/node_modules/npm/npmrc
4 silly config load:file:/usr/src/node-red/.npmrc
5 silly config load:file:/usr/local/etc/npmrc
6 verbose title npm install Imap
7 verbose argv "install" "Imap"
8 verbose logfile logs-max:10 dir:/data/.npm/_logs/2025-11-20T13_33_03_821Z-
9 verbose logfile /data/.npm/_logs/2025-11-20T13_33_03_821Z-debug-0.log
10 silly packumentCache heap:2197815296 maxSize:549453824 maxEntrySize:274726912
11 silly logfile start cleaning logs, removing 1 files
12 silly logfile done cleaning log files
13 silly idealTree buildDeps
14 silly fetch manifest Imap@*
15 silly packumentCache full:https://registry.npmjs.org/Imap cache-miss
16 http fetch GET 200 https://registry.npmjs.org/npm 338ms
17 http fetch GET 404 https://registry.npmjs.org/Imap 717ms (cache skip)
18 silly placeDep ROOT Imap@ OK for: node-red-docker@4.0.9 want: *
19 verbose stack HttpErrorGeneral: 404 Not Found - GET https://registry.npmjs.org/Imap - Not found
19 verbose stack     at /usr/local/lib/node_modules/npm/node_modules/npm-registry-fetch/lib/check-response.js:95:15
19 verbose stack     at process.processTicksAndRejections (node:internal/process/task_queues:95:5)
19 verbose stack     at async RegistryFetcher.packument (/usr/local/lib/node_modules/npm/node_modules/pacote/lib/registry.js:90:19)
19 verbose stack     at async RegistryFetcher.manifest (/usr/local/lib/node_modules/npm/node_modules/pacote/lib/registry.js:128:23)
19 verbose stack     at async #fetchManifest (/usr/local/lib/node_modules/npm/node_modules/@npmcli/arborist/lib/arborist/build-ideal-tree.js:1199:20)
19 verbose stack     at async #nodeFromEdge (/usr/local/lib/node_modules/npm/node_modules/@npmcli/arborist/lib/arborist/build-ideal-tree.js:1037:19)
19 verbose stack     at async #buildDepStep (/usr/local/lib/node_modules/npm/node_modules/@npmcli/arborist/lib/arborist/build-ideal-tree.js:901:11)
19 verbose stack     at async Arborist.buildIdealTree (/usr/local/lib/node_modules/npm/node_modules/@npmcli/arborist/lib/arborist/build-ideal-tree.js:181:7)
19 verbose stack     at async Promise.all (index 1)
19 verbose stack     at async Arborist.reify (/usr/local/lib/node_modules/npm/node_modules/@npmcli/arborist/lib/arborist/reify.js:131:5)
20 verbose statusCode 404
21 verbose pkgid Imap@*
22 error code E404
23 error 404 Not Found - GET https://registry.npmjs.org/Imap - Not found
24 error 404
25 error 404  'Imap@*' is not in this registry.
26 error 404 This package name is not valid, because 
27 error 404  1. name can no longer contain capital letters
28 error 404
29 error 404 Note that you can also install from a
30 error 404 tarball, folder, http url, or git url.
31 silly unfinished npm timer reify 1763645584354
32 silly unfinished npm timer reify:loadTrees 1763645584421
33 verbose cwd /usr/src/node-red
34 verbose os Linux 6.6.87.2-microsoft-standard-WSL2
35 verbose node v20.19.0
36 verbose npm  v10.8.2
37 notice
37 notice New [31mmajor[39m version of npm available! [31m10.8.2[39m -> [34m11.6.3[39m
37 notice Changelog: [34mhttps://github.com/npm/cli/releases/tag/v11.6.3[39m
37 notice To update run: [4mnpm install -g npm@11.6.3[24m
37 notice  { force: true, [Symbol(proc-log.meta)]: true }
38 verbose exit 1
39 verbose code 1
40 error A complete log of this run can be found in: /data/.npm/_logs/2025-11-20T13_33_03_821Z-debug-0.log
